2020-03-07T14:35:22.6774947+00:00;VSTestExecutionThread;Info;SpecFlow+Runner execution started
2020-03-07T14:35:22.6774947+00:00;VSTestExecutionThread;Info;SpecFlow+Runner 3.1.48 in Framework clr40 in x86 mode execution started
2020-03-07T14:35:22.6774947+00:00;VSTestExecutionThread;Info;TestAdapter Location: C:\Users\arthurandreev\source\arthurbranch\SeleniumFrameworkProject\SimpleSeleniumFramework\bin\Debug\TechTalk.SpecRun.VisualStudio.TestAdapter.dll
2020-03-07T14:35:22.7154989+00:00;VSTestExecutionThread;Info;SpecRun: running tests in C:\Users\arthurandreev\source\arthurbranch\SeleniumFrameworkProject\SimpleSeleniumFramework\bin\Debug\SimpleSeleniumFramework.dll
2020-03-07T14:35:22.7164976+00:00;VSTestExecutionThread;Info;Output folder configured to "C:\Users\arthurandreev\source\arthurbranch\SeleniumFrameworkProject\SimpleSeleniumFramework\TestResults" (default)
2020-03-07T14:35:22.7174987+00:00;VSTestExecutionThread;Info;Profile: 
2020-03-07T14:35:22.8254997+00:00;VSTestExecutionThread;Info;Log file path: C:\Users\arthurandreev\source\arthurbranch\SeleniumFrameworkProject\SimpleSeleniumFramework\TestResults\Unnamed project__2020-03-07T143522.log
2020-03-07T14:35:22.8425002+00:00;VSTestExecutionThread;Info;SpecFlow+Runner Evaluation Mode: Please purchase at http://www.specflow.org/plus to remove test execution delay.
2020-03-07T14:35:22.8804949+00:00;Thread#15;Info;Checking license
2020-03-07T14:35:23.0884996+00:00;Thread#15;Info;Evaluation mode: test execution starts in 12 seconds... (this delay is removed in the registered version)
2020-03-07T14:35:35.0894966+00:00;Thread#15;Info;Evaluation delay finished.
2020-03-07T14:35:35.1164974+00:00;Thread#15;Info;License check completed
2020-03-07T14:35:35.1164974+00:00;Thread#15;Info;starting test run
2020-03-07T14:35:35.1335046+00:00;Thread#15;Info;Discovering target: Default
2020-03-07T14:35:35.1345034+00:00;Thread#15;Info;Discovering tests from assembly: C:\Users\arthurandreev\source\arthurbranch\SeleniumFrameworkProject\SimpleSeleniumFramework\bin\Debug\SimpleSeleniumFramework.dll
2020-03-07T14:35:35.2335558+00:00;Thread#15;Info;Discovered tests from assembly: C:\Users\arthurandreev\source\arthurbranch\SeleniumFrameworkProject\SimpleSeleniumFramework\bin\Debug\SimpleSeleniumFramework.dll
2020-03-07T14:35:35.2355104+00:00:Test Suite Dump
2020-03-07T14:35:35.2375004+00:00:#0: Unnamed project/ - 
2020-03-07T14:35:35.2375004+00:00:#1: Default - 
2020-03-07T14:35:35.2375004+00:00:#2: SimpleSeleniumFramework - 
2020-03-07T14:35:35.2375004+00:00:#3: PersonalAccount - 
2020-03-07T14:35:35.2375004+00:00:#5: PersonalAccount - 
2020-03-07T14:35:35.4886366+00:00:#4: Sign-in to access personalised sports page - TestAssembly:SimpleSeleniumFramework/Feature:PersonalAccount/Scenario:Sign-in+to+access+personalised+sports+page
2020-03-07T14:35:35.4886366+00:00:#6: Sign-in to access personalised sports page - TestAssembly:SimpleSeleniumFramework/Feature:PersonalAccount/Scenario:Sign-in+to+access+personalised+sports+page
2020-03-07T14:35:35.4886366+00:00:End: Test Suite Dump
2020-03-07T14:35:35.5125058+00:00:Thread#0:Scheduler: get next test for thread 0
2020-03-07T14:35:35.5155134+00:00:Thread#:Scheduler: testitem #4 from normal test queue 
2020-03-07T14:35:35.5155134+00:00:Thread#0:Scheduler: considering testitem #4 for thread 0
2020-03-07T14:35:35.5206353+00:00:Thread#0:TestItem#4:testItemMatchesCurrentTestThread:UnSpecific
2020-03-07T14:35:35.5206353+00:00:Thread#0:TestItem#4:runsOnOneOtherThreadSpecific:False
2020-03-07T14:35:35.5206353+00:00:Thread#0:TestItem#4:runsOnOneOtherThreadUnspecific:False
2020-03-07T14:35:35.5206353+00:00:Thread#0:Scheduler: using testitem #4 for thread 0
2020-03-07T14:35:35.5215768+00:00:Thread#0:Scheduler: Test #4 is scheduled for thread
2020-03-07T14:35:35.5225503+00:00:Thread#0:Scheduler: with testItemExecutionIndex 0
2020-03-07T14:35:35.5265408+00:00:Thread #0: creating new test thread executor for SimpleSeleniumFramework, Version=1.0.0.0, Culture=neutral, PublicKeyToken=null (target: Default)
2020-03-07T14:35:35.5286418+00:00:Thread #0: Creating test assembly executor for execution model AppDomain
2020-03-07T14:35:35.5334992+00:00:Thread #0: Creating test assembly executor for execution model AppDomain
2020-03-07T14:35:35.5344964+00:00:Thread #0: using TechTalk.SpecRun.Framework.Execution.InProcess.InProcAppDomainTestAssemblyExecutorHost to execute tests
2020-03-07T14:35:35.8496343+00:00:Thread#0:T:-> Loading plugin C:\Users\arthurandreev\source\arthurbranch\SeleniumFrameworkProject\SimpleSeleniumFramework\bin\Debug\SpecRun.Runtime.SpecFlowPlugin.dll
2020-03-07T14:35:35.8625151+00:00:Thread#0:T:-> Using default config
2020-03-07T14:35:36.7404949+00:00:Thread#0: Test #4/0 is started on thread #0
2020-03-07T14:35:36.9054963+00:00:Thread#0:T:starting chrome driver setup
2020-03-07T14:35:43.8034951+00:00:Thread#0:T:chrome driver setup complete
2020-03-07T14:35:43.8095136+00:00:Thread#0:B:Given I am on bbc sports page
2020-03-07T14:35:59.8614993+00:00:Thread#0:T:Alert iframe not present
2020-03-07T14:36:00.5654992+00:00:Thread#0:T:done: SigninSteps.GivenIamOnBbcSportsPage() (16.6s)
2020-03-07T14:36:00.5836432+00:00:Thread#0:B:When I navigate to signin page
2020-03-07T14:36:00.8325032+00:00:Thread#0:T:done: SigninSteps.WhenINavigateToSigninPage() (0.2s)
2020-03-07T14:36:00.8344952+00:00:Thread#0:B:And I enter correct username and password
2020-03-07T14:36:10.9294971+00:00:Thread#0:T:Alert iframe not present
2020-03-07T14:36:12.6404961+00:00:Thread#0:T:done: SigninSteps.AndEnterCorrectUsernameAndPassword() (11.8s)
2020-03-07T14:36:12.6404961+00:00:Thread#0:B:And I sign in successfully
2020-03-07T14:36:21.2935174+00:00:Thread#0:T:done: SigninSteps.AndISignInSuccessfully() (8.6s)
2020-03-07T14:36:21.3465008+00:00:Thread#0:B:Then I expect to see the option to personalise my bbc sports content
2020-03-07T14:38:24.9565007+00:00:Thread#0:T:DismissAlert method threw the following excepton: OpenQA.Selenium.WebDriverException: The HTTP request to the remote WebDriver server for URL http://localhost:56925/session/c181d6ca9fa06745bc21d2c92cd3ca1f/element/0.9434892090155227-1/text timed out after 60 seconds. ---> System.Net.WebException: The request was aborted: The operation has timed out.
2020-03-07T14:38:24.9594986+00:00:Thread#0:T:   at System.Net.HttpWebRequest.GetResponse()
2020-03-07T14:38:24.9755055+00:00:Thread#0:T:   at OpenQA.Selenium.Remote.HttpCommandExecutor.MakeHttpRequest(HttpRequestInfo requestInfo)
2020-03-07T14:38:24.9805732+00:00:Thread#0:T:   --- End of inner exception stack trace ---
2020-03-07T14:38:24.9965004+00:00:Thread#0:T:   at OpenQA.Selenium.Remote.HttpCommandExecutor.MakeHttpRequest(HttpRequestInfo requestInfo)
2020-03-07T14:38:25.0024988+00:00:Thread#0:T:   at OpenQA.Selenium.Remote.HttpCommandExecutor.Execute(Command commandToExecute)
2020-03-07T14:38:25.0424980+00:00:Thread#0:T:   at OpenQA.Selenium.Remote.DriverServiceCommandExecutor.Execute(Command commandToExecute)
2020-03-07T14:38:25.0584965+00:00:Thread#0:T:   at OpenQA.Selenium.Remote.RemoteWebDriver.Execute(String driverCommandToExecute, Dictionary`2 parameters)
2020-03-07T14:38:25.0594995+00:00:Thread#0:T:   at OpenQA.Selenium.Remote.RemoteWebElement.Execute(String commandToExecute, Dictionary`2 parameters)
2020-03-07T14:38:25.0604973+00:00:Thread#0:T:   at OpenQA.Selenium.Remote.RemoteWebElement.get_Text()
2020-03-07T14:38:25.0604973+00:00:Thread#0:T:   at SimpleSeleniumFramework.TestFramework.PageManagerFactory.ClickElement(IWebElement element) in C:\Users\arthurandreev\source\arthurbranch\SeleniumFrameworkProject\SimpleSeleniumFramework\TestFramework\PageManagerFactory.cs:line 58
2020-03-07T14:38:25.0614977+00:00:Thread#0:T:   at SimpleSeleniumFramework.Websites.bbc_news.Pages.MySportPage.DismissAlertIfPresent() in C:\Users\arthurandreev\source\arthurbranch\SeleniumFrameworkProject\SimpleSeleniumFramework\Websites\bbc news\Pages\MySportPage.cs:line 77 and stack trace    at OpenQA.Selenium.Remote.HttpCommandExecutor.MakeHttpRequest(HttpRequestInfo requestInfo)
2020-03-07T14:38:25.0624975+00:00:Thread#0:T:   at OpenQA.Selenium.Remote.HttpCommandExecutor.Execute(Command commandToExecute)
2020-03-07T14:38:25.0635000+00:00:Thread#0:T:   at OpenQA.Selenium.Remote.DriverServiceCommandExecutor.Execute(Command commandToExecute)
2020-03-07T14:38:25.0674991+00:00:Thread#0:T:   at OpenQA.Selenium.Remote.RemoteWebDriver.Execute(String driverCommandToExecute, Dictionary`2 parameters)
2020-03-07T14:38:25.0685046+00:00:Thread#0:T:   at OpenQA.Selenium.Remote.RemoteWebElement.Execute(String commandToExecute, Dictionary`2 parameters)
2020-03-07T14:38:25.0735032+00:00:Thread#0:T:   at OpenQA.Selenium.Remote.RemoteWebElement.get_Text()
2020-03-07T14:38:25.0755084+00:00:Thread#0:T:   at SimpleSeleniumFramework.TestFramework.PageManagerFactory.ClickElement(IWebElement element) in C:\Users\arthurandreev\source\arthurbranch\SeleniumFrameworkProject\SimpleSeleniumFramework\TestFramework\PageManagerFactory.cs:line 58
2020-03-07T14:38:25.0785128+00:00:Thread#0:T:   at SimpleSeleniumFramework.Websites.bbc_news.Pages.MySportPage.DismissAlertIfPresent() in C:\Users\arthurandreev\source\arthurbranch\SeleniumFrameworkProject\SimpleSeleniumFramework\Websites\bbc news\Pages\MySportPage.cs:line 77
2020-03-07T14:38:47.4635227+00:00:Thread#0:T:error: A exception with a null response was thrown sending an HTTP request to the remote WebDriver server for URL http://localhost:56925/session/c181d6ca9fa06745bc21d2c92cd3ca1f/element. The status of the exception was ReceiveFailure, and the message was: The underlying connection was closed: An unexpected error occurred on a receive.
2020-03-07T14:38:47.6234981+00:00:Thread#0:TestItem#4:Scheduler: reschedule tests for testitem #4
2020-03-07T14:38:47.6255039+00:00:Thread#0:Scheduler: get next test for thread 0
2020-03-07T14:38:47.6264980+00:00:Thread#:Scheduler: dequeuing a rescheduled testitem: #4
2020-03-07T14:38:47.6264980+00:00:Thread#0:Scheduler: considering testitem #4 for thread 0
2020-03-07T14:38:47.6276871+00:00:Thread#0:TestItem#4:testItemMatchesCurrentTestThread:UnSpecific
2020-03-07T14:38:47.6276871+00:00:Thread#0:TestItem#4:runsOnOneOtherThreadSpecific:False
2020-03-07T14:38:47.6276871+00:00:Thread#0:TestItem#4:runsOnOneOtherThreadUnspecific:False
2020-03-07T14:38:47.6276871+00:00:Thread#0:Scheduler: using testitem #4 for thread 0
2020-03-07T14:38:47.6284977+00:00:Thread#0:Scheduler: Test #4 is scheduled for thread
2020-03-07T14:38:47.6284977+00:00:Thread#0:Scheduler: with testItemExecutionIndex 1
2020-03-07T14:38:47.6325265+00:00:Thread#0:T:killing both webdriver and chrome driver
2020-03-07T14:38:59.6864972+00:00:Thread#0:T:killed both webdriver and chrome driver
2020-03-07T14:38:59.7195007+00:00:Thread#0: Test #4/0 is finished on thread #0 as Failed within 202.9760044 seconds
2020-03-07T14:38:59.7245359+00:00:Thread#0: Test #4/1 is started on thread #0
2020-03-07T14:38:59.7265006+00:00:Thread#0:T:starting chrome driver setup
2020-03-07T14:39:05.9504984+00:00:Thread#0:T:chrome driver setup complete
2020-03-07T14:39:05.9525027+00:00:Thread#0:B:Given I am on bbc sports page
2020-03-07T14:39:15.8065654+00:00:Thread#0:T:Cannot click the following element: No thanks
2020-03-07T14:39:15.8115018+00:00:Thread#0:T:ClickElement threw the following exception: OpenQA.Selenium.WebDriverException: unknown error: Element is not clickable at point (-99921, -99754)
2020-03-07T14:39:15.8124990+00:00:Thread#0:T:  (Session info: chrome=80.0.3987.132)
2020-03-07T14:39:15.8135145+00:00:Thread#0:T:  (Driver info: chromedriver=2.37.544315 (730aa6a5fdba159ac9f4c1e8cbc59bf1b5ce12b7),platform=Windows NT 10.0.18362 x86_64)
2020-03-07T14:39:15.8154995+00:00:Thread#0:T:   at OpenQA.Selenium.Remote.RemoteWebDriver.UnpackAndThrowOnError(Response errorResponse)
2020-03-07T14:39:15.8154995+00:00:Thread#0:T:   at OpenQA.Selenium.Remote.RemoteWebDriver.Execute(String driverCommandToExecute, Dictionary`2 parameters)
2020-03-07T14:39:15.8164984+00:00:Thread#0:T:   at OpenQA.Selenium.Remote.RemoteMouse.MouseMove(ICoordinates where)
2020-03-07T14:39:15.8204968+00:00:Thread#0:T:   at OpenQA.Selenium.Interactions.MoveMouseAction.Perform()
2020-03-07T14:39:15.8214991+00:00:Thread#0:T:   at OpenQA.Selenium.Interactions.CompositeAction.Perform()
2020-03-07T14:39:15.8224989+00:00:Thread#0:T:   at OpenQA.Selenium.Interactions.Actions.Perform()
2020-03-07T14:39:15.8234982+00:00:Thread#0:T:   at SimpleSeleniumFramework.TestFramework.PageManagerFactory.MoveToElement(IWebElement element) in C:\Users\arthurandreev\source\arthurbranch\SeleniumFrameworkProject\SimpleSeleniumFramework\TestFramework\PageManagerFactory.cs:line 37
2020-03-07T14:39:15.8234982+00:00:Thread#0:T:   at SimpleSeleniumFramework.TestFramework.PageManagerFactory.ClickElement(IWebElement element) in C:\Users\arthurandreev\source\arthurbranch\SeleniumFrameworkProject\SimpleSeleniumFramework\TestFramework\PageManagerFactory.cs:line 53 and stack trace    at OpenQA.Selenium.Remote.RemoteWebDriver.UnpackAndThrowOnError(Response errorResponse)
2020-03-07T14:39:15.8245174+00:00:Thread#0:T:   at OpenQA.Selenium.Remote.RemoteWebDriver.Execute(String driverCommandToExecute, Dictionary`2 parameters)
2020-03-07T14:39:15.8254988+00:00:Thread#0:T:   at OpenQA.Selenium.Remote.RemoteMouse.MouseMove(ICoordinates where)
2020-03-07T14:39:15.8264975+00:00:Thread#0:T:   at OpenQA.Selenium.Interactions.MoveMouseAction.Perform()
2020-03-07T14:39:15.8264975+00:00:Thread#0:T:   at OpenQA.Selenium.Interactions.CompositeAction.Perform()
2020-03-07T14:39:15.8284987+00:00:Thread#0:T:   at OpenQA.Selenium.Interactions.Actions.Perform()
2020-03-07T14:39:15.8294978+00:00:Thread#0:T:   at SimpleSeleniumFramework.TestFramework.PageManagerFactory.MoveToElement(IWebElement element) in C:\Users\arthurandreev\source\arthurbranch\SeleniumFrameworkProject\SimpleSeleniumFramework\TestFramework\PageManagerFactory.cs:line 37
2020-03-07T14:39:15.8314980+00:00:Thread#0:T:   at SimpleSeleniumFramework.TestFramework.PageManagerFactory.ClickElement(IWebElement element) in C:\Users\arthurandreev\source\arthurbranch\SeleniumFrameworkProject\SimpleSeleniumFramework\TestFramework\PageManagerFactory.cs:line 53
2020-03-07T14:40:15.8534968+00:00:Thread#0:T:TakeScreenShot threw the following exception: OpenQA.Selenium.WebDriverException: The HTTP request to the remote WebDriver server for URL http://localhost:57055/session/a80af1c31593768d1d7613ce370defe9/screenshot timed out after 60 seconds. ---> System.Net.WebException: The request was aborted: The operation has timed out.
2020-03-07T14:40:15.8655060+00:00:Thread#0:T:   at System.Net.HttpWebRequest.GetResponse()
2020-03-07T14:40:15.8664974+00:00:Thread#0:T:   at OpenQA.Selenium.Remote.HttpCommandExecutor.MakeHttpRequest(HttpRequestInfo requestInfo)
2020-03-07T14:40:15.8684953+00:00:Thread#0:T:   --- End of inner exception stack trace ---
2020-03-07T14:40:15.8704966+00:00:Thread#0:T:   at OpenQA.Selenium.Remote.HttpCommandExecutor.MakeHttpRequest(HttpRequestInfo requestInfo)
2020-03-07T14:40:15.8724958+00:00:Thread#0:T:   at OpenQA.Selenium.Remote.HttpCommandExecutor.Execute(Command commandToExecute)
2020-03-07T14:40:15.8744941+00:00:Thread#0:T:   at OpenQA.Selenium.Remote.DriverServiceCommandExecutor.Execute(Command commandToExecute)
2020-03-07T14:40:15.8754972+00:00:Thread#0:T:   at OpenQA.Selenium.Remote.RemoteWebDriver.Execute(String driverCommandToExecute, Dictionary`2 parameters)
2020-03-07T14:40:15.8834976+00:00:Thread#0:T:   at OpenQA.Selenium.Remote.RemoteWebDriver.GetScreenshot()
2020-03-07T14:40:15.8844995+00:00:Thread#0:T:   at SimpleSeleniumFramework.TestFramework.PageManagerFactory.TakeScreenshot() in C:\Users\arthurandreev\source\arthurbranch\SeleniumFrameworkProject\SimpleSeleniumFramework\TestFramework\PageManagerFactory.cs:line 91 and stack trace    at OpenQA.Selenium.Remote.HttpCommandExecutor.MakeHttpRequest(HttpRequestInfo requestInfo)
2020-03-07T14:40:15.8844995+00:00:Thread#0:T:   at OpenQA.Selenium.Remote.HttpCommandExecutor.Execute(Command commandToExecute)
2020-03-07T14:40:15.8884962+00:00:Thread#0:T:   at OpenQA.Selenium.Remote.DriverServiceCommandExecutor.Execute(Command commandToExecute)
2020-03-07T14:40:15.8914970+00:00:Thread#0:T:   at OpenQA.Selenium.Remote.RemoteWebDriver.Execute(String driverCommandToExecute, Dictionary`2 parameters)
2020-03-07T14:40:15.8914970+00:00:Thread#0:T:   at OpenQA.Selenium.Remote.RemoteWebDriver.GetScreenshot()
2020-03-07T14:40:15.8924991+00:00:Thread#0:T:   at SimpleSeleniumFramework.TestFramework.PageManagerFactory.TakeScreenshot() in C:\Users\arthurandreev\source\arthurbranch\SeleniumFrameworkProject\SimpleSeleniumFramework\TestFramework\PageManagerFactory.cs:line 91
2020-03-07T14:41:15.9074962+00:00:Thread#0:T:DismissAlert method threw the following excepton: OpenQA.Selenium.WebDriverException: The HTTP request to the remote WebDriver server for URL http://localhost:57055/session/a80af1c31593768d1d7613ce370defe9/frame timed out after 60 seconds. ---> System.Net.WebException: The request was aborted: The operation has timed out.
2020-03-07T14:41:15.9104948+00:00:Thread#0:T:   at System.Net.HttpWebRequest.GetResponse()
2020-03-07T14:41:15.9114964+00:00:Thread#0:T:   at OpenQA.Selenium.Remote.HttpCommandExecutor.MakeHttpRequest(HttpRequestInfo requestInfo)
2020-03-07T14:41:15.9124964+00:00:Thread#0:T:   --- End of inner exception stack trace ---
2020-03-07T14:41:15.9124964+00:00:Thread#0:T:   at OpenQA.Selenium.Remote.HttpCommandExecutor.MakeHttpRequest(HttpRequestInfo requestInfo)
2020-03-07T14:41:15.9154973+00:00:Thread#0:T:   at OpenQA.Selenium.Remote.HttpCommandExecutor.Execute(Command commandToExecute)
2020-03-07T14:41:15.9154973+00:00:Thread#0:T:   at OpenQA.Selenium.Remote.DriverServiceCommandExecutor.Execute(Command commandToExecute)
2020-03-07T14:41:15.9164958+00:00:Thread#0:T:   at OpenQA.Selenium.Remote.RemoteWebDriver.Execute(String driverCommandToExecute, Dictionary`2 parameters)
2020-03-07T14:41:15.9174962+00:00:Thread#0:T:   at OpenQA.Selenium.Remote.RemoteTargetLocator.DefaultContent()
2020-03-07T14:41:15.9185021+00:00:Thread#0:T:   at SimpleSeleniumFramework.Websites.bbc_news.Pages.MySportPage.DismissAlertIfPresent() in C:\Users\arthurandreev\source\arthurbranch\SeleniumFrameworkProject\SimpleSeleniumFramework\Websites\bbc news\Pages\MySportPage.cs:line 78 and stack trace    at OpenQA.Selenium.Remote.HttpCommandExecutor.MakeHttpRequest(HttpRequestInfo requestInfo)
2020-03-07T14:41:15.9215214+00:00:Thread#0:T:   at OpenQA.Selenium.Remote.HttpCommandExecutor.Execute(Command commandToExecute)
2020-03-07T14:41:15.9225192+00:00:Thread#0:T:   at OpenQA.Selenium.Remote.DriverServiceCommandExecutor.Execute(Command commandToExecute)
2020-03-07T14:41:15.9234998+00:00:Thread#0:T:   at OpenQA.Selenium.Remote.RemoteWebDriver.Execute(String driverCommandToExecute, Dictionary`2 parameters)
2020-03-07T14:41:15.9244966+00:00:Thread#0:T:   at OpenQA.Selenium.Remote.RemoteTargetLocator.DefaultContent()
2020-03-07T14:41:15.9254958+00:00:Thread#0:T:   at SimpleSeleniumFramework.Websites.bbc_news.Pages.MySportPage.DismissAlertIfPresent() in C:\Users\arthurandreev\source\arthurbranch\SeleniumFrameworkProject\SimpleSeleniumFramework\Websites\bbc news\Pages\MySportPage.cs:line 78
2020-03-07T14:42:15.9726180+00:00:Thread#0:T:error: The HTTP request to the remote WebDriver server for URL http://localhost:57055/session/a80af1c31593768d1d7613ce370defe9/element timed out after 60 seconds.
2020-03-07T14:42:15.9754994+00:00:Thread#0:B:When I navigate to signin page
2020-03-07T14:42:15.9975104+00:00:Thread#0:T:skipped because of previous errors
2020-03-07T14:42:16.0255002+00:00:Thread#0:B:And I enter correct username and password
2020-03-07T14:42:16.0265000+00:00:Thread#0:T:skipped because of previous errors
2020-03-07T14:42:16.0274966+00:00:Thread#0:B:And I sign in successfully
2020-03-07T14:42:16.0284964+00:00:Thread#0:T:skipped because of previous errors
2020-03-07T14:42:16.0294966+00:00:Thread#0:B:Then I expect to see the option to personalise my bbc sports content
2020-03-07T14:42:16.0304965+00:00:Thread#0:T:skipped because of previous errors
2020-03-07T14:42:16.0704960+00:00:Thread#0:Scheduler: get next test for thread 0
2020-03-07T14:42:16.0724980+00:00:Thread#:Scheduler: dequeuing a rescheduled testitem: #4
2020-03-07T14:42:16.0724980+00:00:Thread#0:Scheduler: considering testitem #4 for thread 0
2020-03-07T14:42:16.0754990+00:00:Thread#0:TestItem#4:testItemMatchesCurrentTestThread:UnSpecific
2020-03-07T14:42:16.0754990+00:00:Thread#0:TestItem#4:runsOnOneOtherThreadSpecific:False
2020-03-07T14:42:16.0754990+00:00:Thread#0:TestItem#4:runsOnOneOtherThreadUnspecific:False
2020-03-07T14:42:16.0754990+00:00:Thread#0:Scheduler: using testitem #4 for thread 0
2020-03-07T14:42:16.0754990+00:00:Thread#0:Scheduler: Test #4 is scheduled for thread
2020-03-07T14:42:16.0764978+00:00:Thread#0:Scheduler: with testItemExecutionIndex 2
2020-03-07T14:42:16.0784999+00:00:Thread#0:T:killing both webdriver and chrome driver
2020-03-07T14:43:49.1584987+00:00:Thread#0:T:killed both webdriver and chrome driver
2020-03-07T14:43:49.1706306+00:00:Thread#0: Test #4/1 is finished on thread #0 as Failed within 289.4442084 seconds
2020-03-07T14:43:49.1795541+00:00:Thread#0: Test #4/2 is started on thread #0
2020-03-07T14:43:49.1824976+00:00:Thread#0:T:starting chrome driver setup
2020-03-07T14:43:55.4754998+00:00:Thread#0:T:chrome driver setup complete
2020-03-07T14:43:55.5036552+00:00:Thread#0:B:Given I am on bbc sports page
2020-03-07T14:44:02.6734993+00:00:Thread#0:T:Cannot click the following element: No thanks
2020-03-07T14:44:02.6755446+00:00:Thread#0:T:ClickElement threw the following exception: OpenQA.Selenium.WebDriverException: unknown error: Element is not clickable at point (-99921, -99769)
2020-03-07T14:44:02.6784976+00:00:Thread#0:T:  (Session info: chrome=80.0.3987.132)
2020-03-07T14:44:02.6794967+00:00:Thread#0:T:  (Driver info: chromedriver=2.37.544315 (730aa6a5fdba159ac9f4c1e8cbc59bf1b5ce12b7),platform=Windows NT 10.0.18362 x86_64)
2020-03-07T14:44:02.6804938+00:00:Thread#0:T:   at OpenQA.Selenium.Remote.RemoteWebDriver.UnpackAndThrowOnError(Response errorResponse)
2020-03-07T14:44:02.6804938+00:00:Thread#0:T:   at OpenQA.Selenium.Remote.RemoteWebDriver.Execute(String driverCommandToExecute, Dictionary`2 parameters)
2020-03-07T14:44:02.6814994+00:00:Thread#0:T:   at OpenQA.Selenium.Remote.RemoteMouse.MouseMove(ICoordinates where)
2020-03-07T14:44:02.6845464+00:00:Thread#0:T:   at OpenQA.Selenium.Interactions.MoveMouseAction.Perform()
2020-03-07T14:44:02.6855276+00:00:Thread#0:T:   at OpenQA.Selenium.Interactions.CompositeAction.Perform()
2020-03-07T14:44:02.6864955+00:00:Thread#0:T:   at OpenQA.Selenium.Interactions.Actions.Perform()
2020-03-07T14:44:02.6874950+00:00:Thread#0:T:   at SimpleSeleniumFramework.TestFramework.PageManagerFactory.MoveToElement(IWebElement element) in C:\Users\arthurandreev\source\arthurbranch\SeleniumFrameworkProject\SimpleSeleniumFramework\TestFramework\PageManagerFactory.cs:line 37
2020-03-07T14:44:02.6874950+00:00:Thread#0:T:   at SimpleSeleniumFramework.TestFramework.PageManagerFactory.ClickElement(IWebElement element) in C:\Users\arthurandreev\source\arthurbranch\SeleniumFrameworkProject\SimpleSeleniumFramework\TestFramework\PageManagerFactory.cs:line 53 and stack trace    at OpenQA.Selenium.Remote.RemoteWebDriver.UnpackAndThrowOnError(Response errorResponse)
2020-03-07T14:44:02.6884957+00:00:Thread#0:T:   at OpenQA.Selenium.Remote.RemoteWebDriver.Execute(String driverCommandToExecute, Dictionary`2 parameters)
2020-03-07T14:44:02.6894948+00:00:Thread#0:T:   at OpenQA.Selenium.Remote.RemoteMouse.MouseMove(ICoordinates where)
2020-03-07T14:44:02.6894948+00:00:Thread#0:T:   at OpenQA.Selenium.Interactions.MoveMouseAction.Perform()
2020-03-07T14:44:02.6904981+00:00:Thread#0:T:   at OpenQA.Selenium.Interactions.CompositeAction.Perform()
2020-03-07T14:44:02.6924978+00:00:Thread#0:T:   at OpenQA.Selenium.Interactions.Actions.Perform()
2020-03-07T14:44:02.6934988+00:00:Thread#0:T:   at SimpleSeleniumFramework.TestFramework.PageManagerFactory.MoveToElement(IWebElement element) in C:\Users\arthurandreev\source\arthurbranch\SeleniumFrameworkProject\SimpleSeleniumFramework\TestFramework\PageManagerFactory.cs:line 37
2020-03-07T14:44:02.6934988+00:00:Thread#0:T:   at SimpleSeleniumFramework.TestFramework.PageManagerFactory.ClickElement(IWebElement element) in C:\Users\arthurandreev\source\arthurbranch\SeleniumFrameworkProject\SimpleSeleniumFramework\TestFramework\PageManagerFactory.cs:line 53
2020-03-07T14:44:03.8384961+00:00:Thread#0:T:TakeScreenShot threw the following exception: System.IO.DirectoryNotFoundException: Could not find a part of the path 'C:\Users\arthurandreev\source\repos\SeleniumFrameworkProject\Screenshots\Sign-in to access personalised sports page2020-03-07-14_44_03.jpeg'.
2020-03-07T14:44:03.8394948+00:00:Thread#0:T:   at System.IO.__Error.WinIOError(Int32 errorCode, String maybeFullPath)
2020-03-07T14:44:03.8404974+00:00:Thread#0:T:   at System.IO.FileStream.Init(String path, FileMode mode, FileAccess access, Int32 rights, Boolean useRights, FileShare share, Int32 bufferSize, FileOptions options, SECURITY_ATTRIBUTES secAttrs, String msgPath, Boolean bFromProxy, Boolean useLongPath, Boolean checkHost)
2020-03-07T14:44:03.8414955+00:00:Thread#0:T:   at System.IO.FileStream..ctor(String path, FileMode mode, FileAccess access, FileShare share, Int32 bufferSize, FileOptions options, String msgPath, Boolean bFromProxy)
2020-03-07T14:44:03.8414955+00:00:Thread#0:T:   at System.IO.FileStream..ctor(String path, FileMode mode)
2020-03-07T14:44:03.8424974+00:00:Thread#0:T:   at OpenQA.Selenium.Screenshot.SaveAsFile(String fileName, ScreenshotImageFormat format)
2020-03-07T14:44:03.8454980+00:00:Thread#0:T:   at SimpleSeleniumFramework.TestFramework.PageManagerFactory.TakeScreenshot() in C:\Users\arthurandreev\source\arthurbranch\SeleniumFrameworkProject\SimpleSeleniumFramework\TestFramework\PageManagerFactory.cs:line 95 and stack trace    at System.IO.__Error.WinIOError(Int32 errorCode, String maybeFullPath)
2020-03-07T14:44:03.8454980+00:00:Thread#0:T:   at System.IO.FileStream.Init(String path, FileMode mode, FileAccess access, Int32 rights, Boolean useRights, FileShare share, Int32 bufferSize, FileOptions options, SECURITY_ATTRIBUTES secAttrs, String msgPath, Boolean bFromProxy, Boolean useLongPath, Boolean checkHost)
2020-03-07T14:44:03.8464955+00:00:Thread#0:T:   at System.IO.FileStream..ctor(String path, FileMode mode, FileAccess access, FileShare share, Int32 bufferSize, FileOptions options, String msgPath, Boolean bFromProxy)
2020-03-07T14:44:03.8474974+00:00:Thread#0:T:   at System.IO.FileStream..ctor(String path, FileMode mode)
2020-03-07T14:44:03.8484958+00:00:Thread#0:T:   at OpenQA.Selenium.Screenshot.SaveAsFile(String fileName, ScreenshotImageFormat format)
2020-03-07T14:44:03.8505021+00:00:Thread#0:T:   at SimpleSeleniumFramework.TestFramework.PageManagerFactory.TakeScreenshot() in C:\Users\arthurandreev\source\arthurbranch\SeleniumFrameworkProject\SimpleSeleniumFramework\TestFramework\PageManagerFactory.cs:line 95
2020-03-07T14:45:03.9114946+00:00:Thread#0:T:DismissAlert method threw the following excepton: OpenQA.Selenium.WebDriverException: The HTTP request to the remote WebDriver server for URL http://localhost:57116/session/cf9c62f1605397c73ed8b51f72df0f05/frame timed out after 60 seconds. ---> System.Net.WebException: The request was aborted: The operation has timed out.
2020-03-07T14:45:03.9155012+00:00:Thread#0:T:   at System.Net.HttpWebRequest.GetResponse()
2020-03-07T14:45:03.9227397+00:00:Thread#0:T:   at OpenQA.Selenium.Remote.HttpCommandExecutor.MakeHttpRequest(HttpRequestInfo requestInfo)
2020-03-07T14:45:03.9234944+00:00:Thread#0:T:   --- End of inner exception stack trace ---
2020-03-07T14:45:03.9244969+00:00:Thread#0:T:   at OpenQA.Selenium.Remote.HttpCommandExecutor.MakeHttpRequest(HttpRequestInfo requestInfo)
2020-03-07T14:45:03.9334969+00:00:Thread#0:T:   at OpenQA.Selenium.Remote.HttpCommandExecutor.Execute(Command commandToExecute)
2020-03-07T14:45:03.9397914+00:00:Thread#0:T:   at OpenQA.Selenium.Remote.DriverServiceCommandExecutor.Execute(Command commandToExecute)
2020-03-07T14:45:03.9408911+00:00:Thread#0:T:   at OpenQA.Selenium.Remote.RemoteWebDriver.Execute(String driverCommandToExecute, Dictionary`2 parameters)
2020-03-07T14:45:03.9424975+00:00:Thread#0:T:   at OpenQA.Selenium.Remote.RemoteTargetLocator.DefaultContent()
2020-03-07T14:45:03.9434968+00:00:Thread#0:T:   at SimpleSeleniumFramework.Websites.bbc_news.Pages.MySportPage.DismissAlertIfPresent() in C:\Users\arthurandreev\source\arthurbranch\SeleniumFrameworkProject\SimpleSeleniumFramework\Websites\bbc news\Pages\MySportPage.cs:line 78 and stack trace    at OpenQA.Selenium.Remote.HttpCommandExecutor.MakeHttpRequest(HttpRequestInfo requestInfo)
2020-03-07T14:45:03.9444975+00:00:Thread#0:T:   at OpenQA.Selenium.Remote.HttpCommandExecutor.Execute(Command commandToExecute)
2020-03-07T14:45:03.9454963+00:00:Thread#0:T:   at OpenQA.Selenium.Remote.DriverServiceCommandExecutor.Execute(Command commandToExecute)
2020-03-07T14:45:03.9474971+00:00:Thread#0:T:   at OpenQA.Selenium.Remote.RemoteWebDriver.Execute(String driverCommandToExecute, Dictionary`2 parameters)
2020-03-07T14:45:03.9494970+00:00:Thread#0:T:   at OpenQA.Selenium.Remote.RemoteTargetLocator.DefaultContent()
2020-03-07T14:45:03.9504973+00:00:Thread#0:T:   at SimpleSeleniumFramework.Websites.bbc_news.Pages.MySportPage.DismissAlertIfPresent() in C:\Users\arthurandreev\source\arthurbranch\SeleniumFrameworkProject\SimpleSeleniumFramework\Websites\bbc news\Pages\MySportPage.cs:line 78
2020-03-07T14:46:04.0144933+00:00:Thread#0:T:error: The HTTP request to the remote WebDriver server for URL http://localhost:57116/session/cf9c62f1605397c73ed8b51f72df0f05/element timed out after 60 seconds.
2020-03-07T14:46:04.0174936+00:00:Thread#0:B:When I navigate to signin page
2020-03-07T14:46:04.0205006+00:00:Thread#0:T:skipped because of previous errors
2020-03-07T14:46:04.0214957+00:00:Thread#0:B:And I enter correct username and password
2020-03-07T14:46:04.0225010+00:00:Thread#0:T:skipped because of previous errors
2020-03-07T14:46:04.0234984+00:00:Thread#0:B:And I sign in successfully
2020-03-07T14:46:04.0244950+00:00:Thread#0:T:skipped because of previous errors
2020-03-07T14:46:04.0265007+00:00:Thread#0:B:Then I expect to see the option to personalise my bbc sports content
2020-03-07T14:46:04.0275046+00:00:Thread#0:T:skipped because of previous errors
2020-03-07T14:46:04.0494999+00:00:Thread#0:Scheduler: get next test for thread 0
2020-03-07T14:46:04.0515068+00:00:Thread#:Scheduler: testitem #6 from normal test queue 
2020-03-07T14:46:04.0515068+00:00:Thread#0:Scheduler: considering testitem #6 for thread 0
2020-03-07T14:46:04.0555056+00:00:Thread#0:TestItem#6:testItemMatchesCurrentTestThread:UnSpecific
2020-03-07T14:46:04.0555056+00:00:Thread#0:TestItem#6:runsOnOneOtherThreadSpecific:False
2020-03-07T14:46:04.0555056+00:00:Thread#0:TestItem#6:runsOnOneOtherThreadUnspecific:False
2020-03-07T14:46:04.0555056+00:00:Thread#0:Scheduler: using testitem #6 for thread 0
2020-03-07T14:46:04.0564978+00:00:Thread#0:Scheduler: Test #6 is scheduled for thread
2020-03-07T14:46:04.0564978+00:00:Thread#0:Scheduler: with testItemExecutionIndex 0
2020-03-07T14:46:04.0574949+00:00:Thread#0:T:killing both webdriver and chrome driver
2020-03-07T14:47:35.3484991+00:00:Thread#0:T:killed both webdriver and chrome driver
2020-03-07T14:47:35.3844960+00:00:Thread#0: Test #4/2 is finished on thread #0 as Failed within 226.2039443 seconds
2020-03-07T14:47:35.3855051+00:00:Thread#0: Test #6/0 is started on thread #0
2020-03-07T14:47:35.4104984+00:00:Thread#0:T:starting chrome driver setup
2020-03-07T14:47:42.3695081+00:00:Thread#0:T:chrome driver setup complete
2020-03-07T14:47:42.3725180+00:00:Thread#0:B:Given I am on bbc sports page
2020-03-07T14:48:04.6414990+00:00:Thread#0:T:Alert iframe not present
