2020-03-08T13:09:10.4073220+00:00;VSTestExecutionThread;Info;SpecFlow+Runner execution started
2020-03-08T13:09:10.4073220+00:00;VSTestExecutionThread;Info;SpecFlow+Runner 3.1.48 in Framework clr40 in x86 mode execution started
2020-03-08T13:09:10.4073220+00:00;VSTestExecutionThread;Info;TestAdapter Location: C:\Users\arthurandreev\source\arthurbranch\SeleniumFrameworkProject\SimpleSeleniumFramework\bin\Debug\TechTalk.SpecRun.VisualStudio.TestAdapter.dll
2020-03-08T13:09:10.4552026+00:00;VSTestExecutionThread;Info;SpecRun: running tests in C:\Users\arthurandreev\source\arthurbranch\SeleniumFrameworkProject\SimpleSeleniumFramework\bin\Debug\SimpleSeleniumFramework.dll
2020-03-08T13:09:10.4572030+00:00;VSTestExecutionThread;Info;Output folder configured to "C:\Users\arthurandreev\source\arthurbranch\SeleniumFrameworkProject\SimpleSeleniumFramework\TestResults" (default)
2020-03-08T13:09:10.4572030+00:00;VSTestExecutionThread;Info;Profile: 
2020-03-08T13:09:10.5582023+00:00;VSTestExecutionThread;Info;Log file path: C:\Users\arthurandreev\source\arthurbranch\SeleniumFrameworkProject\SimpleSeleniumFramework\TestResults\Unnamed project__2020-03-08T130910.log
2020-03-08T13:09:10.5852032+00:00;VSTestExecutionThread;Info;SpecFlow+Runner Evaluation Mode: Please purchase at http://www.specflow.org/plus to remove test execution delay.
2020-03-08T13:09:10.6172011+00:00;Thread#15;Info;Checking license
2020-03-08T13:09:10.8512001+00:00;Thread#15;Info;Evaluation mode: test execution starts in 13 seconds... (this delay is removed in the registered version)
2020-03-08T13:09:23.8521952+00:00;Thread#15;Info;Evaluation delay finished.
2020-03-08T13:09:23.8582011+00:00;Thread#15;Info;License check completed
2020-03-08T13:09:23.8591989+00:00;Thread#15;Info;starting test run
2020-03-08T13:09:23.8773374+00:00;Thread#15;Info;Discovering target: Default
2020-03-08T13:09:23.8782863+00:00;Thread#15;Info;Discovering tests from assembly: C:\Users\arthurandreev\source\arthurbranch\SeleniumFrameworkProject\SimpleSeleniumFramework\bin\Debug\SimpleSeleniumFramework.dll
2020-03-08T13:09:23.9792153+00:00;Thread#15;Info;Discovered tests from assembly: C:\Users\arthurandreev\source\arthurbranch\SeleniumFrameworkProject\SimpleSeleniumFramework\bin\Debug\SimpleSeleniumFramework.dll
2020-03-08T13:09:23.9802596+00:00:Test Suite Dump
2020-03-08T13:09:23.9813038+00:00:#0: Unnamed project/ - 
2020-03-08T13:09:23.9813038+00:00:#1: Default - 
2020-03-08T13:09:23.9813038+00:00:#2: SimpleSeleniumFramework - 
2020-03-08T13:09:23.9813038+00:00:#3: PersonalAccount - 
2020-03-08T13:09:23.9813038+00:00:#5: PersonalAccount - 
2020-03-08T13:09:24.2423616+00:00:#4: Sign-in to access personalised sports page - TestAssembly:SimpleSeleniumFramework/Feature:PersonalAccount/Scenario:Sign-in+to+access+personalised+sports+page
2020-03-08T13:09:24.2432059+00:00:#6: Sign-in to access personalised sports page - TestAssembly:SimpleSeleniumFramework/Feature:PersonalAccount/Scenario:Sign-in+to+access+personalised+sports+page
2020-03-08T13:09:24.2432059+00:00:End: Test Suite Dump
2020-03-08T13:09:24.2722821+00:00:Thread#0:Scheduler: get next test for thread 0
2020-03-08T13:09:24.2762066+00:00:Thread#:Scheduler: testitem #4 from normal test queue 
2020-03-08T13:09:24.2762066+00:00:Thread#0:Scheduler: considering testitem #4 for thread 0
2020-03-08T13:09:24.2812170+00:00:Thread#0:TestItem#4:testItemMatchesCurrentTestThread:UnSpecific
2020-03-08T13:09:24.2812170+00:00:Thread#0:TestItem#4:runsOnOneOtherThreadSpecific:False
2020-03-08T13:09:24.2812170+00:00:Thread#0:TestItem#4:runsOnOneOtherThreadUnspecific:False
2020-03-08T13:09:24.2812170+00:00:Thread#0:Scheduler: using testitem #4 for thread 0
2020-03-08T13:09:24.2833169+00:00:Thread#0:Scheduler: Test #4 is scheduled for thread
2020-03-08T13:09:24.2842805+00:00:Thread#0:Scheduler: with testItemExecutionIndex 0
2020-03-08T13:09:24.2872638+00:00:Thread #0: creating new test thread executor for SimpleSeleniumFramework, Version=1.0.0.0, Culture=neutral, PublicKeyToken=null (target: Default)
2020-03-08T13:09:24.2892433+00:00:Thread #0: Creating test assembly executor for execution model AppDomain
2020-03-08T13:09:24.2932047+00:00:Thread #0: Creating test assembly executor for execution model AppDomain
2020-03-08T13:09:24.2952600+00:00:Thread #0: using TechTalk.SpecRun.Framework.Execution.InProcess.InProcAppDomainTestAssemblyExecutorHost to execute tests
2020-03-08T13:09:24.6433566+00:00:Thread#0:T:-> Loading plugin C:\Users\arthurandreev\source\arthurbranch\SeleniumFrameworkProject\SimpleSeleniumFramework\bin\Debug\SpecRun.Runtime.SpecFlowPlugin.dll
2020-03-08T13:09:24.6533049+00:00:Thread#0:T:-> Using default config
2020-03-08T13:09:25.5631988+00:00:Thread#0: Test #4/0 is started on thread #0
2020-03-08T13:09:25.7031969+00:00:Thread#0:T:starting chrome driver setup
2020-03-08T13:09:32.1242274+00:00:Thread#0:T:chrome driver setup complete
2020-03-08T13:09:32.1302178+00:00:Thread#0:B:Given I am on bbc sports page
2020-03-08T13:09:35.6371970+00:00:Thread#0:T:done: SigninSteps.GivenIamOnBbcSportsPage() (3.5s)
2020-03-08T13:09:35.6463392+00:00:Thread#0:B:When I navigate to signin page
2020-03-08T13:09:38.3792093+00:00:Thread#0:T:done: SigninSteps.WhenINavigateToSigninPage() (2.7s)
2020-03-08T13:09:38.3862017+00:00:Thread#0:B:And I enter correct username and password
2020-03-08T13:09:40.9952050+00:00:Thread#0:T:done: SigninSteps.AndEnterCorrectUsernameAndPassword() (2.6s)
2020-03-08T13:09:40.9952050+00:00:Thread#0:B:And I sign in successfully
2020-03-08T13:09:46.7522098+00:00:Thread#0:T:done: SigninSteps.AndISignInSuccessfully() (5.8s)
2020-03-08T13:09:46.7562851+00:00:Thread#0:B:Then I expect to see the option to personalise my bbc sports content
2020-03-08T13:09:50.5503058+00:00:Thread#0:T:TakeScreenShot threw the following exception: System.IO.DirectoryNotFoundException: Could not find a part of the path 'C:\Users\arthurandreev\source\arthurbranch\SeleniumFrameworkProject\SimpleSeleniumFramework\TestResults\SeleniumFrameworkProject\Screenshots\Sign-in to access personalised sports page2020-03-08-13_09_50.jpeg'.
2020-03-08T13:09:50.5522026+00:00:Thread#0:T:   at System.IO.__Error.WinIOError(Int32 errorCode, String maybeFullPath)
2020-03-08T13:09:50.5531970+00:00:Thread#0:T:   at System.IO.FileStream.Init(String path, FileMode mode, FileAccess access, Int32 rights, Boolean useRights, FileShare share, Int32 bufferSize, FileOptions options, SECURITY_ATTRIBUTES secAttrs, String msgPath, Boolean bFromProxy, Boolean useLongPath, Boolean checkHost)
2020-03-08T13:09:50.5542545+00:00:Thread#0:T:   at System.IO.FileStream..ctor(String path, FileMode mode, FileAccess access, FileShare share, Int32 bufferSize, FileOptions options, String msgPath, Boolean bFromProxy)
2020-03-08T13:09:50.5562285+00:00:Thread#0:T:   at System.IO.FileStream..ctor(String path, FileMode mode)
2020-03-08T13:09:50.5571986+00:00:Thread#0:T:   at OpenQA.Selenium.Screenshot.SaveAsFile(String fileName, ScreenshotImageFormat format)
2020-03-08T13:09:50.5582003+00:00:Thread#0:T:   at SimpleSeleniumFramework.TestFramework.PageManagerFactory.TakeScreenshot() in C:\Users\arthurandreev\source\arthurbranch\SeleniumFrameworkProject\SimpleSeleniumFramework\TestFramework\PageManagerFactory.cs:line 95 and stack trace    at System.IO.__Error.WinIOError(Int32 errorCode, String maybeFullPath)
2020-03-08T13:09:50.5582003+00:00:Thread#0:T:   at System.IO.FileStream.Init(String path, FileMode mode, FileAccess access, Int32 rights, Boolean useRights, FileShare share, Int32 bufferSize, FileOptions options, SECURITY_ATTRIBUTES secAttrs, String msgPath, Boolean bFromProxy, Boolean useLongPath, Boolean checkHost)
2020-03-08T13:09:50.5591976+00:00:Thread#0:T:   at System.IO.FileStream..ctor(String path, FileMode mode, FileAccess access, FileShare share, Int32 bufferSize, FileOptions options, String msgPath, Boolean bFromProxy)
2020-03-08T13:09:50.5602203+00:00:Thread#0:T:   at System.IO.FileStream..ctor(String path, FileMode mode)
2020-03-08T13:09:50.5622036+00:00:Thread#0:T:   at OpenQA.Selenium.Screenshot.SaveAsFile(String fileName, ScreenshotImageFormat format)
2020-03-08T13:09:50.5631991+00:00:Thread#0:T:   at SimpleSeleniumFramework.TestFramework.PageManagerFactory.TakeScreenshot() in C:\Users\arthurandreev\source\arthurbranch\SeleniumFrameworkProject\SimpleSeleniumFramework\TestFramework\PageManagerFactory.cs:line 95
2020-03-08T13:09:50.6042008+00:00:Thread#0:T:done: SigninSteps.ThenIExpectToSeeTheOptionToPersonaliseMyBbcSportsContent() (3.8s)
2020-03-08T13:09:50.6392016+00:00:Thread#0:Scheduler: get next test for thread 0
2020-03-08T13:09:50.6392016+00:00:Thread#:Scheduler: testitem #6 from normal test queue 
2020-03-08T13:09:50.6392016+00:00:Thread#0:Scheduler: considering testitem #6 for thread 0
2020-03-08T13:09:50.6392016+00:00:Thread#0:TestItem#6:testItemMatchesCurrentTestThread:UnSpecific
2020-03-08T13:09:50.6392016+00:00:Thread#0:TestItem#6:runsOnOneOtherThreadSpecific:False
2020-03-08T13:09:50.6392016+00:00:Thread#0:TestItem#6:runsOnOneOtherThreadUnspecific:False
2020-03-08T13:09:50.6392016+00:00:Thread#0:Scheduler: using testitem #6 for thread 0
2020-03-08T13:09:50.6392016+00:00:Thread#0:Scheduler: Test #6 is scheduled for thread
2020-03-08T13:09:50.6392016+00:00:Thread#0:Scheduler: with testItemExecutionIndex 0
2020-03-08T13:09:50.6422320+00:00:Thread#0:T:killing both webdriver and chrome driver
2020-03-08T13:09:59.5803047+00:00:Thread#0:T:killed both webdriver and chrome driver
2020-03-08T13:09:59.6012329+00:00:Thread#0: Test #4/0 is finished on thread #0 as Succeeded within 34.0360338 seconds
2020-03-08T13:09:59.6041990+00:00:Thread#0: Test #6/0 is started on thread #0
2020-03-08T13:09:59.6072014+00:00:Thread#0:T:starting chrome driver setup
2020-03-08T13:10:05.6622335+00:00:Thread#0:T:chrome driver setup complete
2020-03-08T13:10:05.6632188+00:00:Thread#0:B:Given I am on bbc sports page
2020-03-08T13:10:10.3162171+00:00:Thread#0:T:done: SigninSteps.GivenIamOnBbcSportsPage() (4.7s)
2020-03-08T13:10:10.3172101+00:00:Thread#0:B:When I navigate to signin page
2020-03-08T13:10:14.3551987+00:00:Thread#0:T:done: SigninSteps.WhenINavigateToSigninPage() (4.0s)
2020-03-08T13:10:14.3562022+00:00:Thread#0:B:And I enter correct username and password
2020-03-08T13:10:16.7581984+00:00:Thread#0:T:done: SigninSteps.AndEnterCorrectUsernameAndPassword() (2.4s)
2020-03-08T13:10:16.7611988+00:00:Thread#0:B:And I sign in successfully
2020-03-08T13:10:22.6402054+00:00:Thread#0:T:done: SigninSteps.AndISignInSuccessfully() (5.9s)
2020-03-08T13:10:22.6432449+00:00:Thread#0:B:Then I expect to see the option to personalise my bbc sports content
2020-03-08T13:10:24.8552011+00:00:Thread#0:T:TakeScreenShot threw the following exception: System.IO.DirectoryNotFoundException: Could not find a part of the path 'C:\Users\arthurandreev\source\arthurbranch\SeleniumFrameworkProject\SimpleSeleniumFramework\TestResults\SeleniumFrameworkProject\Screenshots\Sign-in to access personalised sports page2020-03-08-13_10_24.jpeg'.
2020-03-08T13:10:24.8562025+00:00:Thread#0:T:   at System.IO.__Error.WinIOError(Int32 errorCode, String maybeFullPath)
2020-03-08T13:10:24.8572039+00:00:Thread#0:T:   at System.IO.FileStream.Init(String path, FileMode mode, FileAccess access, Int32 rights, Boolean useRights, FileShare share, Int32 bufferSize, FileOptions options, SECURITY_ATTRIBUTES secAttrs, String msgPath, Boolean bFromProxy, Boolean useLongPath, Boolean checkHost)
2020-03-08T13:10:24.8583294+00:00:Thread#0:T:   at System.IO.FileStream..ctor(String path, FileMode mode, FileAccess access, FileShare share, Int32 bufferSize, FileOptions options, String msgPath, Boolean bFromProxy)
2020-03-08T13:10:24.8602023+00:00:Thread#0:T:   at System.IO.FileStream..ctor(String path, FileMode mode)
2020-03-08T13:10:24.8611983+00:00:Thread#0:T:   at OpenQA.Selenium.Screenshot.SaveAsFile(String fileName, ScreenshotImageFormat format)
2020-03-08T13:10:24.8622250+00:00:Thread#0:T:   at SimpleSeleniumFramework.TestFramework.PageManagerFactory.TakeScreenshot() in C:\Users\arthurandreev\source\arthurbranch\SeleniumFrameworkProject\SimpleSeleniumFramework\TestFramework\PageManagerFactory.cs:line 95 and stack trace    at System.IO.__Error.WinIOError(Int32 errorCode, String maybeFullPath)
2020-03-08T13:10:24.8622250+00:00:Thread#0:T:   at System.IO.FileStream.Init(String path, FileMode mode, FileAccess access, Int32 rights, Boolean useRights, FileShare share, Int32 bufferSize, FileOptions options, SECURITY_ATTRIBUTES secAttrs, String msgPath, Boolean bFromProxy, Boolean useLongPath, Boolean checkHost)
2020-03-08T13:10:24.8632005+00:00:Thread#0:T:   at System.IO.FileStream..ctor(String path, FileMode mode, FileAccess access, FileShare share, Int32 bufferSize, FileOptions options, String msgPath, Boolean bFromProxy)
2020-03-08T13:10:24.8641957+00:00:Thread#0:T:   at System.IO.FileStream..ctor(String path, FileMode mode)
2020-03-08T13:10:24.8641957+00:00:Thread#0:T:   at OpenQA.Selenium.Screenshot.SaveAsFile(String fileName, ScreenshotImageFormat format)
2020-03-08T13:10:24.8651944+00:00:Thread#0:T:   at SimpleSeleniumFramework.TestFramework.PageManagerFactory.TakeScreenshot() in C:\Users\arthurandreev\source\arthurbranch\SeleniumFrameworkProject\SimpleSeleniumFramework\TestFramework\PageManagerFactory.cs:line 95
2020-03-08T13:10:24.8932020+00:00:Thread#0:T:done: SigninSteps.ThenIExpectToSeeTheOptionToPersonaliseMyBbcSportsContent() (2.2s)
2020-03-08T13:10:24.9061975+00:00:Thread#0:Scheduler: get next test for thread 0
2020-03-08T13:10:24.9061975+00:00:Thread#:Scheduler: at the end of normal test queue
2020-03-08T13:10:24.9061975+00:00:Thread#0:Scheduler: enumerator for thread is at end
2020-03-08T13:10:24.9061975+00:00:Thread#0:Scheduler: No more tests for thread
2020-03-08T13:10:24.9082022+00:00:Thread#0:T:killing both webdriver and chrome driver
2020-03-08T13:10:33.7552090+00:00:Thread#0:T:killed both webdriver and chrome driver
2020-03-08T13:10:33.8352235+00:00:Thread#0: Test #6/0 is finished on thread #0 as Succeeded within 34.2310245 seconds
2020-03-08T13:10:33.9302009+00:00:Trying to cancel thread
2020-03-08T13:10:33.9302009+00:00:Thread cancelled
2020-03-08T13:10:33.9422294+00:00:Thread#-1:Scheduler: get next test for thread -1
2020-03-08T13:10:33.9422294+00:00:Thread#:Scheduler: at the end of normal test queue
2020-03-08T13:10:33.9422294+00:00:Thread#-1:Scheduler: enumerator for thread is at end
2020-03-08T13:10:33.9461969+00:00;Thread#15;Info;test run finished
2020-03-08T13:10:33.9461969+00:00;Thread#15;Info;publishing test results
2020-03-08T13:10:34.8492001+00:00;Thread#15;Info;test results published
2020-03-08T13:10:34.8492001+00:00;Thread#15;Info;generating reports
2020-03-08T13:10:35.6592064+00:00;Thread#15;Info;Starting external report generation process
2020-03-08T13:10:41.4932004+00:00;Thread#15;Info;Successfully generated reports.
2020-03-08T13:10:41.4972003+00:00;Thread#15;Info;Successfully generated reports
2020-03-08T13:10:41.5102065+00:00:Total: 2
2020-03-08T13:10:41.5122026+00:00:Succeeded: 2
2020-03-08T13:10:41.5132023+00:00:Ignored: 0
2020-03-08T13:10:41.5132023+00:00:Pending: 0
2020-03-08T13:10:41.5132023+00:00:Skipped: 0
2020-03-08T13:10:41.5142012+00:00:Failed: 0
2020-03-08T13:10:41.5292046+00:00;VSTestExecutionThread;Info;Adding attachments to VSTest
2020-03-08T13:10:41.5292046+00:00;VSTestExecutionThread;Info;adding Test Execution Report 'C:\Users\arthurandreev\source\arthurbranch\SeleniumFrameworkProject\SimpleSeleniumFramework\TestResults\Unnamed project__2020-03-08T130910.html'
========== End of log file ==========
