2020-03-07T14:23:26.3857533+00:00;VSTestExecutionThread;Info;SpecFlow+Runner execution started
2020-03-07T14:23:26.3857533+00:00;VSTestExecutionThread;Info;SpecFlow+Runner 3.1.48 in Framework clr40 in x86 mode execution started
2020-03-07T14:23:26.3857533+00:00;VSTestExecutionThread;Info;TestAdapter Location: C:\Users\arthurandreev\source\arthurbranch\SeleniumFrameworkProject\SimpleSeleniumFramework\bin\Debug\TechTalk.SpecRun.VisualStudio.TestAdapter.dll
2020-03-07T14:23:26.4207571+00:00;VSTestExecutionThread;Info;SpecRun: running tests in C:\Users\arthurandreev\source\arthurbranch\SeleniumFrameworkProject\SimpleSeleniumFramework\bin\Debug\SimpleSeleniumFramework.dll
2020-03-07T14:23:26.4217634+00:00;VSTestExecutionThread;Info;Output folder configured to "C:\Users\arthurandreev\source\arthurbranch\SeleniumFrameworkProject\SimpleSeleniumFramework\TestResults" (default)
2020-03-07T14:23:26.4227646+00:00;VSTestExecutionThread;Info;Profile: 
2020-03-07T14:23:26.5247566+00:00;VSTestExecutionThread;Info;Log file path: C:\Users\arthurandreev\source\arthurbranch\SeleniumFrameworkProject\SimpleSeleniumFramework\TestResults\Unnamed project__2020-03-07T142326.log
2020-03-07T14:23:26.5447591+00:00;VSTestExecutionThread;Info;SpecFlow+Runner Evaluation Mode: Please purchase at http://www.specflow.org/plus to remove test execution delay.
2020-03-07T14:23:26.5827629+00:00;Thread#15;Info;Checking license
2020-03-07T14:23:26.7887635+00:00;Thread#15;Info;Evaluation mode: test execution starts in 12 seconds... (this delay is removed in the registered version)
2020-03-07T14:23:38.7920143+00:00;Thread#15;Info;Evaluation delay finished.
2020-03-07T14:23:38.8007716+00:00;Thread#15;Info;License check completed
2020-03-07T14:23:38.8007716+00:00;Thread#15;Info;starting test run
2020-03-07T14:23:38.8127550+00:00;Thread#15;Info;Discovering target: Default
2020-03-07T14:23:38.8137568+00:00;Thread#15;Info;Discovering tests from assembly: C:\Users\arthurandreev\source\arthurbranch\SeleniumFrameworkProject\SimpleSeleniumFramework\bin\Debug\SimpleSeleniumFramework.dll
2020-03-07T14:23:38.9118278+00:00;Thread#15;Info;Discovered tests from assembly: C:\Users\arthurandreev\source\arthurbranch\SeleniumFrameworkProject\SimpleSeleniumFramework\bin\Debug\SimpleSeleniumFramework.dll
2020-03-07T14:23:38.9128218+00:00:Test Suite Dump
2020-03-07T14:23:38.9149041+00:00:#0: Unnamed project/ - 
2020-03-07T14:23:38.9149041+00:00:#1: Default - 
2020-03-07T14:23:38.9149041+00:00:#2: SimpleSeleniumFramework - 
2020-03-07T14:23:38.9149041+00:00:#3: PersonalAccount - 
2020-03-07T14:23:38.9149041+00:00:#5: PersonalAccount - 
2020-03-07T14:23:38.9687724+00:00:#4: Sign-in to access personalised sports page - TestAssembly:SimpleSeleniumFramework/Feature:PersonalAccount/Scenario:Sign-in+to+access+personalised+sports+page
2020-03-07T14:23:38.9687724+00:00:#6: Sign-in to access personalised sports page - TestAssembly:SimpleSeleniumFramework/Feature:PersonalAccount/Scenario:Sign-in+to+access+personalised+sports+page
2020-03-07T14:23:38.9687724+00:00:End: Test Suite Dump
2020-03-07T14:23:38.9917628+00:00:Thread#0:Scheduler: get next test for thread 0
2020-03-07T14:23:38.9937713+00:00:Thread#:Scheduler: testitem #4 from normal test queue 
2020-03-07T14:23:38.9947844+00:00:Thread#0:Scheduler: considering testitem #4 for thread 0
2020-03-07T14:23:38.9997719+00:00:Thread#0:TestItem#4:testItemMatchesCurrentTestThread:UnSpecific
2020-03-07T14:23:38.9997719+00:00:Thread#0:TestItem#4:runsOnOneOtherThreadSpecific:False
2020-03-07T14:23:38.9997719+00:00:Thread#0:TestItem#4:runsOnOneOtherThreadUnspecific:False
2020-03-07T14:23:38.9997719+00:00:Thread#0:Scheduler: using testitem #4 for thread 0
2020-03-07T14:23:39.0017622+00:00:Thread#0:Scheduler: Test #4 is scheduled for thread
2020-03-07T14:23:39.0027721+00:00:Thread#0:Scheduler: with testItemExecutionIndex 0
2020-03-07T14:23:39.0057718+00:00:Thread #0: creating new test thread executor for SimpleSeleniumFramework, Version=1.0.0.0, Culture=neutral, PublicKeyToken=null (target: Default)
2020-03-07T14:23:39.0087623+00:00:Thread #0: Creating test assembly executor for execution model AppDomain
2020-03-07T14:23:39.0117656+00:00:Thread #0: Creating test assembly executor for execution model AppDomain
2020-03-07T14:23:39.0127726+00:00:Thread #0: using TechTalk.SpecRun.Framework.Execution.InProcess.InProcAppDomainTestAssemblyExecutorHost to execute tests
2020-03-07T14:23:39.4039156+00:00:Thread#0:T:-> Loading plugin C:\Users\arthurandreev\source\arthurbranch\SeleniumFrameworkProject\SimpleSeleniumFramework\bin\Debug\SpecRun.Runtime.SpecFlowPlugin.dll
2020-03-07T14:23:39.4108759+00:00:Thread#0:T:-> Using default config
2020-03-07T14:23:40.0397525+00:00:Thread#0: Test #4/0 is started on thread #0
2020-03-07T14:23:40.1457532+00:00:Thread#0:T:starting chrome driver setup
2020-03-07T14:23:47.3597571+00:00:Thread#0:T:chrome driver setup complete
2020-03-07T14:23:47.3687562+00:00:Thread#0:B:Given I am on bbc sports page
2020-03-07T14:24:07.4298413+00:00:Thread#0:T:Alert iframe not present
2020-03-07T14:24:07.9207551+00:00:Thread#0:T:done: SigninSteps.GivenIamOnBbcSportsPage() (20.2s)
2020-03-07T14:24:07.9417735+00:00:Thread#0:B:When I navigate to signin page
2020-03-07T14:24:08.1377608+00:00:Thread#0:T:done: SigninSteps.WhenINavigateToSigninPage() (0.2s)
2020-03-07T14:24:08.1397638+00:00:Thread#0:B:And I enter correct username and password
2020-03-07T14:24:18.1928571+00:00:Thread#0:T:Alert iframe not present
2020-03-07T14:24:19.9247744+00:00:Thread#0:T:done: SigninSteps.AndEnterCorrectUsernameAndPassword() (11.8s)
2020-03-07T14:24:19.9257555+00:00:Thread#0:B:And I sign in successfully
2020-03-07T14:24:28.9697567+00:00:Thread#0:T:done: SigninSteps.AndISignInSuccessfully() (9.0s)
2020-03-07T14:24:29.0107652+00:00:Thread#0:B:Then I expect to see the option to personalise my bbc sports content
2020-03-07T14:24:39.4318168+00:00:Thread#0:T:Alert iframe not present
2020-03-07T14:24:40.5217954+00:00:Thread#0:T:TakeScreenShot threw the following exception: System.IO.DirectoryNotFoundException: Could not find a part of the path 'C:\Users\arthurandreev\source\repos\SeleniumFrameworkProject\Screenshots\Sign-in to access personalised sports page2020-03-07-14_24_39.jpeg'.
2020-03-07T14:24:40.5227577+00:00:Thread#0:T:   at System.IO.__Error.WinIOError(Int32 errorCode, String maybeFullPath)
2020-03-07T14:24:40.5237558+00:00:Thread#0:T:   at System.IO.FileStream.Init(String path, FileMode mode, FileAccess access, Int32 rights, Boolean useRights, FileShare share, Int32 bufferSize, FileOptions options, SECURITY_ATTRIBUTES secAttrs, String msgPath, Boolean bFromProxy, Boolean useLongPath, Boolean checkHost)
2020-03-07T14:24:40.5247711+00:00:Thread#0:T:   at System.IO.FileStream..ctor(String path, FileMode mode, FileAccess access, FileShare share, Int32 bufferSize, FileOptions options, String msgPath, Boolean bFromProxy)
2020-03-07T14:24:40.5247711+00:00:Thread#0:T:   at System.IO.FileStream..ctor(String path, FileMode mode)
2020-03-07T14:24:40.5257776+00:00:Thread#0:T:   at OpenQA.Selenium.Screenshot.SaveAsFile(String fileName, ScreenshotImageFormat format)
2020-03-07T14:24:40.5267631+00:00:Thread#0:T:   at SimpleSeleniumFramework.TestFramework.PageManagerFactory.TakeScreenshot() in C:\Users\arthurandreev\source\arthurbranch\SeleniumFrameworkProject\SimpleSeleniumFramework\TestFramework\PageManagerFactory.cs:line 95 and stack trace    at System.IO.__Error.WinIOError(Int32 errorCode, String maybeFullPath)
2020-03-07T14:24:40.5267631+00:00:Thread#0:T:   at System.IO.FileStream.Init(String path, FileMode mode, FileAccess access, Int32 rights, Boolean useRights, FileShare share, Int32 bufferSize, FileOptions options, SECURITY_ATTRIBUTES secAttrs, String msgPath, Boolean bFromProxy, Boolean useLongPath, Boolean checkHost)
2020-03-07T14:24:40.5277571+00:00:Thread#0:T:   at System.IO.FileStream..ctor(String path, FileMode mode, FileAccess access, FileShare share, Int32 bufferSize, FileOptions options, String msgPath, Boolean bFromProxy)
2020-03-07T14:24:40.5287724+00:00:Thread#0:T:   at System.IO.FileStream..ctor(String path, FileMode mode)
2020-03-07T14:24:40.5357599+00:00:Thread#0:T:   at OpenQA.Selenium.Screenshot.SaveAsFile(String fileName, ScreenshotImageFormat format)
2020-03-07T14:24:40.5367621+00:00:Thread#0:T:   at SimpleSeleniumFramework.TestFramework.PageManagerFactory.TakeScreenshot() in C:\Users\arthurandreev\source\arthurbranch\SeleniumFrameworkProject\SimpleSeleniumFramework\TestFramework\PageManagerFactory.cs:line 95
2020-03-07T14:24:40.5577716+00:00:Thread#0:T:done: SigninSteps.ThenIExpectToSeeTheOptionToPersonaliseMyBbcSportsContent() (11.5s)
2020-03-07T14:24:40.5879150+00:00:Thread#0:Scheduler: get next test for thread 0
2020-03-07T14:24:40.5888958+00:00:Thread#:Scheduler: testitem #6 from normal test queue 
2020-03-07T14:24:40.5888958+00:00:Thread#0:Scheduler: considering testitem #6 for thread 0
2020-03-07T14:24:40.5888958+00:00:Thread#0:TestItem#6:testItemMatchesCurrentTestThread:UnSpecific
2020-03-07T14:24:40.5888958+00:00:Thread#0:TestItem#6:runsOnOneOtherThreadSpecific:False
2020-03-07T14:24:40.5888958+00:00:Thread#0:TestItem#6:runsOnOneOtherThreadUnspecific:False
2020-03-07T14:24:40.5888958+00:00:Thread#0:Scheduler: using testitem #6 for thread 0
2020-03-07T14:24:40.5888958+00:00:Thread#0:Scheduler: Test #6 is scheduled for thread
2020-03-07T14:24:40.5888958+00:00:Thread#0:Scheduler: with testItemExecutionIndex 0
2020-03-07T14:24:40.5918953+00:00:Thread#0:T:killing both webdriver and chrome driver
2020-03-07T14:24:49.4427551+00:00:Thread#0:T:killed both webdriver and chrome driver
2020-03-07T14:24:49.4677549+00:00:Thread#0: Test #4/0 is finished on thread #0 as Succeeded within 69.4269996 seconds
2020-03-07T14:24:49.4707669+00:00:Thread#0: Test #6/0 is started on thread #0
2020-03-07T14:24:49.4747612+00:00:Thread#0:T:starting chrome driver setup
2020-03-07T14:24:55.6417563+00:00:Thread#0:T:chrome driver setup complete
2020-03-07T14:24:55.6427587+00:00:Thread#0:B:Given I am on bbc sports page
2020-03-07T14:25:16.6307552+00:00:Thread#0:T:Alert iframe not present
2020-03-07T14:25:17.0337564+00:00:Thread#0:T:done: SigninSteps.GivenIamOnBbcSportsPage() (21.4s)
2020-03-07T14:25:17.0358249+00:00:Thread#0:B:When I navigate to signin page
2020-03-07T14:25:17.3317721+00:00:Thread#0:T:done: SigninSteps.WhenINavigateToSigninPage() (0.3s)
2020-03-07T14:25:17.3337583+00:00:Thread#0:B:And I enter correct username and password
2020-03-07T14:25:27.3907710+00:00:Thread#0:T:Alert iframe not present
2020-03-07T14:25:29.2707555+00:00:Thread#0:T:done: SigninSteps.AndEnterCorrectUsernameAndPassword() (11.9s)
2020-03-07T14:25:29.2717618+00:00:Thread#0:B:And I sign in successfully
2020-03-07T14:25:38.6917733+00:00:Thread#0:T:done: SigninSteps.AndISignInSuccessfully() (9.4s)
2020-03-07T14:25:38.6967672+00:00:Thread#0:B:Then I expect to see the option to personalise my bbc sports content
2020-03-07T14:25:48.9068532+00:00:Thread#0:T:Alert iframe not present
2020-03-07T14:25:49.4887549+00:00:Thread#0:T:TakeScreenShot threw the following exception: System.IO.DirectoryNotFoundException: Could not find a part of the path 'C:\Users\arthurandreev\source\repos\SeleniumFrameworkProject\Screenshots\Sign-in to access personalised sports page2020-03-07-14_25_49.jpeg'.
2020-03-07T14:25:49.4907543+00:00:Thread#0:T:   at System.IO.__Error.WinIOError(Int32 errorCode, String maybeFullPath)
2020-03-07T14:25:49.4917559+00:00:Thread#0:T:   at System.IO.FileStream.Init(String path, FileMode mode, FileAccess access, Int32 rights, Boolean useRights, FileShare share, Int32 bufferSize, FileOptions options, SECURITY_ATTRIBUTES secAttrs, String msgPath, Boolean bFromProxy, Boolean useLongPath, Boolean checkHost)
2020-03-07T14:25:49.4937559+00:00:Thread#0:T:   at System.IO.FileStream..ctor(String path, FileMode mode, FileAccess access, FileShare share, Int32 bufferSize, FileOptions options, String msgPath, Boolean bFromProxy)
2020-03-07T14:25:49.4948381+00:00:Thread#0:T:   at System.IO.FileStream..ctor(String path, FileMode mode)
2020-03-07T14:25:49.4967530+00:00:Thread#0:T:   at OpenQA.Selenium.Screenshot.SaveAsFile(String fileName, ScreenshotImageFormat format)
2020-03-07T14:25:49.4999076+00:00:Thread#0:T:   at SimpleSeleniumFramework.TestFramework.PageManagerFactory.TakeScreenshot() in C:\Users\arthurandreev\source\arthurbranch\SeleniumFrameworkProject\SimpleSeleniumFramework\TestFramework\PageManagerFactory.cs:line 95 and stack trace    at System.IO.__Error.WinIOError(Int32 errorCode, String maybeFullPath)
2020-03-07T14:25:49.5017760+00:00:Thread#0:T:   at System.IO.FileStream.Init(String path, FileMode mode, FileAccess access, Int32 rights, Boolean useRights, FileShare share, Int32 bufferSize, FileOptions options, SECURITY_ATTRIBUTES secAttrs, String msgPath, Boolean bFromProxy, Boolean useLongPath, Boolean checkHost)
2020-03-07T14:25:49.5027562+00:00:Thread#0:T:   at System.IO.FileStream..ctor(String path, FileMode mode, FileAccess access, FileShare share, Int32 bufferSize, FileOptions options, String msgPath, Boolean bFromProxy)
2020-03-07T14:25:49.5047549+00:00:Thread#0:T:   at System.IO.FileStream..ctor(String path, FileMode mode)
2020-03-07T14:25:49.5057551+00:00:Thread#0:T:   at OpenQA.Selenium.Screenshot.SaveAsFile(String fileName, ScreenshotImageFormat format)
2020-03-07T14:25:49.5097574+00:00:Thread#0:T:   at SimpleSeleniumFramework.TestFramework.PageManagerFactory.TakeScreenshot() in C:\Users\arthurandreev\source\arthurbranch\SeleniumFrameworkProject\SimpleSeleniumFramework\TestFramework\PageManagerFactory.cs:line 95
2020-03-07T14:25:49.5307561+00:00:Thread#0:T:done: SigninSteps.ThenIExpectToSeeTheOptionToPersonaliseMyBbcSportsContent() (10.8s)
2020-03-07T14:25:49.5387562+00:00:Thread#0:Scheduler: get next test for thread 0
2020-03-07T14:25:49.5409521+00:00:Thread#:Scheduler: at the end of normal test queue
2020-03-07T14:25:49.5409521+00:00:Thread#0:Scheduler: enumerator for thread is at end
2020-03-07T14:25:49.5409521+00:00:Thread#0:Scheduler: No more tests for thread
2020-03-07T14:25:49.5427559+00:00:Thread#0:T:killing both webdriver and chrome driver
2020-03-07T14:25:58.2917590+00:00:Thread#0:T:killed both webdriver and chrome driver
2020-03-07T14:25:58.3667559+00:00:Thread#0: Test #6/0 is finished on thread #0 as Succeeded within 68.895989 seconds
2020-03-07T14:25:58.6688160+00:00:Trying to cancel thread
2020-03-07T14:25:58.6699254+00:00:Thread cancelled
2020-03-07T14:25:58.6869070+00:00:Thread#-1:Scheduler: get next test for thread -1
2020-03-07T14:25:58.6869070+00:00:Thread#:Scheduler: at the end of normal test queue
2020-03-07T14:25:58.6869070+00:00:Thread#-1:Scheduler: enumerator for thread is at end
2020-03-07T14:25:58.6968247+00:00;Thread#15;Info;test run finished
2020-03-07T14:25:58.6968247+00:00;Thread#15;Info;publishing test results
2020-03-07T14:26:00.0859088+00:00;Thread#15;Info;test results published
2020-03-07T14:26:00.0859088+00:00;Thread#15;Info;generating reports
2020-03-07T14:26:00.5067542+00:00;Thread#15;Info;Starting external report generation process
2020-03-07T14:26:05.8307563+00:00;Thread#15;Info;Successfully generated reports.
2020-03-07T14:26:05.8357630+00:00;Thread#15;Info;Successfully generated reports
2020-03-07T14:26:05.8507549+00:00:Total: 2
2020-03-07T14:26:05.8527595+00:00:Succeeded: 2
2020-03-07T14:26:05.8527595+00:00:Ignored: 0
2020-03-07T14:26:05.8537552+00:00:Pending: 0
2020-03-07T14:26:05.8537552+00:00:Skipped: 0
2020-03-07T14:26:05.8547582+00:00:Failed: 0
2020-03-07T14:26:05.8747621+00:00;VSTestExecutionThread;Info;Adding attachments to VSTest
2020-03-07T14:26:05.8757554+00:00;VSTestExecutionThread;Info;adding Test Execution Report 'C:\Users\arthurandreev\source\arthurbranch\SeleniumFrameworkProject\SimpleSeleniumFramework\TestResults\Unnamed project__2020-03-07T142326.html'
========== End of log file ==========
