2020-03-08T13:04:18.7411985+00:00;VSTestExecutionThread;Info;SpecFlow+Runner execution started
2020-03-08T13:04:18.7411985+00:00;VSTestExecutionThread;Info;SpecFlow+Runner 3.1.48 in Framework clr40 in x86 mode execution started
2020-03-08T13:04:18.7411985+00:00;VSTestExecutionThread;Info;TestAdapter Location: C:\Users\arthurandreev\source\arthurbranch\SeleniumFrameworkProject\SimpleSeleniumFramework\bin\Debug\TechTalk.SpecRun.VisualStudio.TestAdapter.dll
2020-03-08T13:04:18.7802011+00:00;VSTestExecutionThread;Info;SpecRun: running tests in C:\Users\arthurandreev\source\arthurbranch\SeleniumFrameworkProject\SimpleSeleniumFramework\bin\Debug\SimpleSeleniumFramework.dll
2020-03-08T13:04:18.7812034+00:00;VSTestExecutionThread;Info;Output folder configured to "C:\Users\arthurandreev\source\arthurbranch\SeleniumFrameworkProject\SimpleSeleniumFramework\TestResults" (default)
2020-03-08T13:04:18.7812034+00:00;VSTestExecutionThread;Info;Profile: 
2020-03-08T13:04:18.8792019+00:00;VSTestExecutionThread;Info;Log file path: C:\Users\arthurandreev\source\arthurbranch\SeleniumFrameworkProject\SimpleSeleniumFramework\TestResults\Unnamed project__2020-03-08T130418.log
2020-03-08T13:04:18.8982037+00:00;VSTestExecutionThread;Info;SpecFlow+Runner Evaluation Mode: Please purchase at http://www.specflow.org/plus to remove test execution delay.
2020-03-08T13:04:18.9162034+00:00;Thread#15;Info;Checking license
2020-03-08T13:04:19.1331990+00:00;Thread#15;Info;Evaluation mode: test execution starts in 5 seconds... (this delay is removed in the registered version)
2020-03-08T13:04:24.1344235+00:00;Thread#15;Info;Evaluation delay finished.
2020-03-08T13:04:24.1422095+00:00;Thread#15;Info;License check completed
2020-03-08T13:04:24.1432090+00:00;Thread#15;Info;starting test run
2020-03-08T13:04:24.1582167+00:00;Thread#15;Info;Discovering target: Default
2020-03-08T13:04:24.1582167+00:00;Thread#15;Info;Discovering tests from assembly: C:\Users\arthurandreev\source\arthurbranch\SeleniumFrameworkProject\SimpleSeleniumFramework\bin\Debug\SimpleSeleniumFramework.dll
2020-03-08T13:04:24.2581967+00:00;Thread#15;Info;Discovered tests from assembly: C:\Users\arthurandreev\source\arthurbranch\SeleniumFrameworkProject\SimpleSeleniumFramework\bin\Debug\SimpleSeleniumFramework.dll
2020-03-08T13:04:24.2591996+00:00:Test Suite Dump
2020-03-08T13:04:24.2612377+00:00:#0: Unnamed project/ - 
2020-03-08T13:04:24.2612377+00:00:#1: Default - 
2020-03-08T13:04:24.2612377+00:00:#2: SimpleSeleniumFramework - 
2020-03-08T13:04:24.2612377+00:00:#3: PersonalAccount - 
2020-03-08T13:04:24.2612377+00:00:#5: PersonalAccount - 
2020-03-08T13:04:24.5192171+00:00:#4: Sign-in to access personalised sports page - TestAssembly:SimpleSeleniumFramework/Feature:PersonalAccount/Scenario:Sign-in+to+access+personalised+sports+page
2020-03-08T13:04:24.5192171+00:00:#6: Sign-in to access personalised sports page - TestAssembly:SimpleSeleniumFramework/Feature:PersonalAccount/Scenario:Sign-in+to+access+personalised+sports+page
2020-03-08T13:04:24.5192171+00:00:End: Test Suite Dump
2020-03-08T13:04:24.5432863+00:00:Thread#0:Scheduler: get next test for thread 0
2020-03-08T13:04:24.5463357+00:00:Thread#:Scheduler: testitem #4 from normal test queue 
2020-03-08T13:04:24.5463357+00:00:Thread#0:Scheduler: considering testitem #4 for thread 0
2020-03-08T13:04:24.5522729+00:00:Thread#0:TestItem#4:testItemMatchesCurrentTestThread:UnSpecific
2020-03-08T13:04:24.5522729+00:00:Thread#0:TestItem#4:runsOnOneOtherThreadSpecific:False
2020-03-08T13:04:24.5522729+00:00:Thread#0:TestItem#4:runsOnOneOtherThreadUnspecific:False
2020-03-08T13:04:24.5522729+00:00:Thread#0:Scheduler: using testitem #4 for thread 0
2020-03-08T13:04:24.5532404+00:00:Thread#0:Scheduler: Test #4 is scheduled for thread
2020-03-08T13:04:24.5543145+00:00:Thread#0:Scheduler: with testItemExecutionIndex 0
2020-03-08T13:04:24.5573437+00:00:Thread #0: creating new test thread executor for SimpleSeleniumFramework, Version=1.0.0.0, Culture=neutral, PublicKeyToken=null (target: Default)
2020-03-08T13:04:24.5593351+00:00:Thread #0: Creating test assembly executor for execution model AppDomain
2020-03-08T13:04:24.5642026+00:00:Thread #0: Creating test assembly executor for execution model AppDomain
2020-03-08T13:04:24.5652170+00:00:Thread #0: using TechTalk.SpecRun.Framework.Execution.InProcess.InProcAppDomainTestAssemblyExecutorHost to execute tests
2020-03-08T13:04:24.9382162+00:00:Thread#0:T:-> Loading plugin C:\Users\arthurandreev\source\arthurbranch\SeleniumFrameworkProject\SimpleSeleniumFramework\bin\Debug\SpecRun.Runtime.SpecFlowPlugin.dll
2020-03-08T13:04:25.0242076+00:00:Thread#0:T:-> Using default config
2020-03-08T13:04:25.9711963+00:00:Thread#0: Test #4/0 is started on thread #0
2020-03-08T13:04:26.3833382+00:00:Thread#0:T:starting chrome driver setup
2020-03-08T13:04:33.2311979+00:00:Thread#0:T:chrome driver setup complete
2020-03-08T13:04:33.2372069+00:00:Thread#0:B:Given I am on bbc sports page
2020-03-08T13:04:39.0192178+00:00:Thread#0:T:done: SigninSteps.GivenIamOnBbcSportsPage() (5.7s)
2020-03-08T13:04:39.0412054+00:00:Thread#0:B:When I navigate to signin page
2020-03-08T13:04:45.5802020+00:00:Thread#0:T:done: SigninSteps.WhenINavigateToSigninPage() (6.5s)
2020-03-08T13:04:45.5862002+00:00:Thread#0:B:And I enter correct username and password
2020-03-08T13:04:49.0642008+00:00:Thread#0:T:done: SigninSteps.AndEnterCorrectUsernameAndPassword() (3.5s)
2020-03-08T13:04:49.0652006+00:00:Thread#0:B:And I sign in successfully
2020-03-08T13:04:55.3732044+00:00:Thread#0:T:done: SigninSteps.AndISignInSuccessfully() (6.3s)
2020-03-08T13:04:55.3742093+00:00:Thread#0:B:Then I expect to see the option to personalise my bbc sports content
2020-03-08T13:04:57.9212317+00:00:Thread#0:T:TakeScreenShot threw the following exception: System.IO.DirectoryNotFoundException: Could not find a part of the path 'C:\Users\arthurandreev\source\arthurbranch\SeleniumFrameworkProject\SimpleSeleniumFramework\TestResults\Screenshots\Sign-in to access personalised sports page2020-03-08-13_04_57.jpeg'.
2020-03-08T13:04:57.9222005+00:00:Thread#0:T:   at System.IO.__Error.WinIOError(Int32 errorCode, String maybeFullPath)
2020-03-08T13:04:57.9231991+00:00:Thread#0:T:   at System.IO.FileStream.Init(String path, FileMode mode, FileAccess access, Int32 rights, Boolean useRights, FileShare share, Int32 bufferSize, FileOptions options, SECURITY_ATTRIBUTES secAttrs, String msgPath, Boolean bFromProxy, Boolean useLongPath, Boolean checkHost)
2020-03-08T13:04:57.9231991+00:00:Thread#0:T:   at System.IO.FileStream..ctor(String path, FileMode mode, FileAccess access, FileShare share, Int32 bufferSize, FileOptions options, String msgPath, Boolean bFromProxy)
2020-03-08T13:04:57.9241986+00:00:Thread#0:T:   at System.IO.FileStream..ctor(String path, FileMode mode)
2020-03-08T13:04:57.9252002+00:00:Thread#0:T:   at OpenQA.Selenium.Screenshot.SaveAsFile(String fileName, ScreenshotImageFormat format)
2020-03-08T13:04:57.9262002+00:00:Thread#0:T:   at SimpleSeleniumFramework.TestFramework.PageManagerFactory.TakeScreenshot() in C:\Users\arthurandreev\source\arthurbranch\SeleniumFrameworkProject\SimpleSeleniumFramework\TestFramework\PageManagerFactory.cs:line 95 and stack trace    at System.IO.__Error.WinIOError(Int32 errorCode, String maybeFullPath)
2020-03-08T13:04:57.9271982+00:00:Thread#0:T:   at System.IO.FileStream.Init(String path, FileMode mode, FileAccess access, Int32 rights, Boolean useRights, FileShare share, Int32 bufferSize, FileOptions options, SECURITY_ATTRIBUTES secAttrs, String msgPath, Boolean bFromProxy, Boolean useLongPath, Boolean checkHost)
2020-03-08T13:04:57.9281968+00:00:Thread#0:T:   at System.IO.FileStream..ctor(String path, FileMode mode, FileAccess access, FileShare share, Int32 bufferSize, FileOptions options, String msgPath, Boolean bFromProxy)
2020-03-08T13:04:57.9291960+00:00:Thread#0:T:   at System.IO.FileStream..ctor(String path, FileMode mode)
2020-03-08T13:04:57.9291960+00:00:Thread#0:T:   at OpenQA.Selenium.Screenshot.SaveAsFile(String fileName, ScreenshotImageFormat format)
2020-03-08T13:04:57.9301967+00:00:Thread#0:T:   at SimpleSeleniumFramework.TestFramework.PageManagerFactory.TakeScreenshot() in C:\Users\arthurandreev\source\arthurbranch\SeleniumFrameworkProject\SimpleSeleniumFramework\TestFramework\PageManagerFactory.cs:line 95
2020-03-08T13:04:57.9622976+00:00:Thread#0:T:done: SigninSteps.ThenIExpectToSeeTheOptionToPersonaliseMyBbcSportsContent() (2.6s)
2020-03-08T13:04:57.9932109+00:00:Thread#0:Scheduler: get next test for thread 0
2020-03-08T13:04:57.9932109+00:00:Thread#:Scheduler: testitem #6 from normal test queue 
2020-03-08T13:04:57.9932109+00:00:Thread#0:Scheduler: considering testitem #6 for thread 0
2020-03-08T13:04:57.9942093+00:00:Thread#0:TestItem#6:testItemMatchesCurrentTestThread:UnSpecific
2020-03-08T13:04:57.9942093+00:00:Thread#0:TestItem#6:runsOnOneOtherThreadSpecific:False
2020-03-08T13:04:57.9942093+00:00:Thread#0:TestItem#6:runsOnOneOtherThreadUnspecific:False
2020-03-08T13:04:57.9942093+00:00:Thread#0:Scheduler: using testitem #6 for thread 0
2020-03-08T13:04:57.9942093+00:00:Thread#0:Scheduler: Test #6 is scheduled for thread
2020-03-08T13:04:57.9942093+00:00:Thread#0:Scheduler: with testItemExecutionIndex 0
2020-03-08T13:04:57.9972013+00:00:Thread#0:T:killing both webdriver and chrome driver
2020-03-08T13:05:06.8852010+00:00:Thread#0:T:killed both webdriver and chrome driver
2020-03-08T13:05:06.9112018+00:00:Thread#0: Test #4/0 is finished on thread #0 as Succeeded within 40.9380015 seconds
2020-03-08T13:05:06.9141995+00:00:Thread#0: Test #6/0 is started on thread #0
2020-03-08T13:05:06.9182026+00:00:Thread#0:T:starting chrome driver setup
2020-03-08T13:05:14.0422039+00:00:Thread#0:T:chrome driver setup complete
2020-03-08T13:05:14.0442062+00:00:Thread#0:B:Given I am on bbc sports page
2020-03-08T13:05:24.6782013+00:00:Thread#0:T:done: SigninSteps.GivenIamOnBbcSportsPage() (10.6s)
2020-03-08T13:05:24.6791996+00:00:Thread#0:B:When I navigate to signin page
2020-03-08T13:05:30.8662198+00:00:Thread#0:T:done: SigninSteps.WhenINavigateToSigninPage() (6.2s)
2020-03-08T13:05:30.8702056+00:00:Thread#0:B:And I enter correct username and password
2020-03-08T13:05:33.4952053+00:00:Thread#0:T:done: SigninSteps.AndEnterCorrectUsernameAndPassword() (2.6s)
2020-03-08T13:05:33.4962078+00:00:Thread#0:B:And I sign in successfully
2020-03-08T13:05:42.5932469+00:00:Thread#0:T:done: SigninSteps.AndISignInSuccessfully() (9.1s)
2020-03-08T13:05:42.5952208+00:00:Thread#0:B:Then I expect to see the option to personalise my bbc sports content
2020-03-08T13:05:46.7392055+00:00:Thread#0:T:TakeScreenShot threw the following exception: System.IO.DirectoryNotFoundException: Could not find a part of the path 'C:\Users\arthurandreev\source\arthurbranch\SeleniumFrameworkProject\SimpleSeleniumFramework\TestResults\Screenshots\Sign-in to access personalised sports page2020-03-08-13_05_46.jpeg'.
2020-03-08T13:05:46.7432152+00:00:Thread#0:T:   at System.IO.__Error.WinIOError(Int32 errorCode, String maybeFullPath)
2020-03-08T13:05:46.7472110+00:00:Thread#0:T:   at System.IO.FileStream.Init(String path, FileMode mode, FileAccess access, Int32 rights, Boolean useRights, FileShare share, Int32 bufferSize, FileOptions options, SECURITY_ATTRIBUTES secAttrs, String msgPath, Boolean bFromProxy, Boolean useLongPath, Boolean checkHost)
2020-03-08T13:05:46.7552040+00:00:Thread#0:T:   at System.IO.FileStream..ctor(String path, FileMode mode, FileAccess access, FileShare share, Int32 bufferSize, FileOptions options, String msgPath, Boolean bFromProxy)
2020-03-08T13:05:46.7602011+00:00:Thread#0:T:   at System.IO.FileStream..ctor(String path, FileMode mode)
2020-03-08T13:05:46.7622067+00:00:Thread#0:T:   at OpenQA.Selenium.Screenshot.SaveAsFile(String fileName, ScreenshotImageFormat format)
2020-03-08T13:05:46.7641996+00:00:Thread#0:T:   at SimpleSeleniumFramework.TestFramework.PageManagerFactory.TakeScreenshot() in C:\Users\arthurandreev\source\arthurbranch\SeleniumFrameworkProject\SimpleSeleniumFramework\TestFramework\PageManagerFactory.cs:line 95 and stack trace    at System.IO.__Error.WinIOError(Int32 errorCode, String maybeFullPath)
2020-03-08T13:05:46.7702091+00:00:Thread#0:T:   at System.IO.FileStream.Init(String path, FileMode mode, FileAccess access, Int32 rights, Boolean useRights, FileShare share, Int32 bufferSize, FileOptions options, SECURITY_ATTRIBUTES secAttrs, String msgPath, Boolean bFromProxy, Boolean useLongPath, Boolean checkHost)
2020-03-08T13:05:46.7782108+00:00:Thread#0:T:   at System.IO.FileStream..ctor(String path, FileMode mode, FileAccess access, FileShare share, Int32 bufferSize, FileOptions options, String msgPath, Boolean bFromProxy)
2020-03-08T13:05:46.7802135+00:00:Thread#0:T:   at System.IO.FileStream..ctor(String path, FileMode mode)
2020-03-08T13:05:46.7822030+00:00:Thread#0:T:   at OpenQA.Selenium.Screenshot.SaveAsFile(String fileName, ScreenshotImageFormat format)
2020-03-08T13:05:46.7882111+00:00:Thread#0:T:   at SimpleSeleniumFramework.TestFramework.PageManagerFactory.TakeScreenshot() in C:\Users\arthurandreev\source\arthurbranch\SeleniumFrameworkProject\SimpleSeleniumFramework\TestFramework\PageManagerFactory.cs:line 95
2020-03-08T13:05:46.8652190+00:00:Thread#0:T:done: SigninSteps.ThenIExpectToSeeTheOptionToPersonaliseMyBbcSportsContent() (4.3s)
2020-03-08T13:05:46.8782079+00:00:Thread#0:Scheduler: get next test for thread 0
2020-03-08T13:05:46.8782079+00:00:Thread#:Scheduler: at the end of normal test queue
2020-03-08T13:05:46.8782079+00:00:Thread#0:Scheduler: enumerator for thread is at end
2020-03-08T13:05:46.8782079+00:00:Thread#0:Scheduler: No more tests for thread
2020-03-08T13:05:46.8842001+00:00:Thread#0:T:killing both webdriver and chrome driver
2020-03-08T13:05:55.7642014+00:00:Thread#0:T:killed both webdriver and chrome driver
2020-03-08T13:05:55.7893412+00:00:Thread#0: Test #6/0 is finished on thread #0 as Succeeded within 48.8751417 seconds
2020-03-08T13:05:56.0032133+00:00:Trying to cancel thread
2020-03-08T13:05:56.0032133+00:00:Thread cancelled
2020-03-08T13:05:56.0342013+00:00:Thread#-1:Scheduler: get next test for thread -1
2020-03-08T13:05:56.0352135+00:00:Thread#:Scheduler: at the end of normal test queue
2020-03-08T13:05:56.0352135+00:00:Thread#-1:Scheduler: enumerator for thread is at end
2020-03-08T13:05:56.0752121+00:00;Thread#15;Info;test run finished
2020-03-08T13:05:56.0772098+00:00;Thread#15;Info;publishing test results
2020-03-08T13:05:57.9392102+00:00;Thread#15;Info;test results published
2020-03-08T13:05:57.9392102+00:00;Thread#15;Info;generating reports
2020-03-08T13:05:58.2532457+00:00;Thread#15;Info;Starting external report generation process
2020-03-08T13:06:04.7832430+00:00;Thread#15;Info;Successfully generated reports.
2020-03-08T13:06:04.7882022+00:00;Thread#15;Info;Successfully generated reports
2020-03-08T13:06:04.8212246+00:00:Total: 2
2020-03-08T13:06:04.8272046+00:00:Succeeded: 2
2020-03-08T13:06:04.8292127+00:00:Ignored: 0
2020-03-08T13:06:04.8312495+00:00:Pending: 0
2020-03-08T13:06:04.8332078+00:00:Skipped: 0
2020-03-08T13:06:04.8362279+00:00:Failed: 0
2020-03-08T13:06:04.8662102+00:00;VSTestExecutionThread;Info;Adding attachments to VSTest
2020-03-08T13:06:04.8672054+00:00;VSTestExecutionThread;Info;adding Test Execution Report 'C:\Users\arthurandreev\source\arthurbranch\SeleniumFrameworkProject\SimpleSeleniumFramework\TestResults\Unnamed project__2020-03-08T130418.html'
========== End of log file ==========
