2020-03-10T21:31:49.6148692+00:00;VSTestExecutionThread;Info;SpecFlow+Runner execution started
2020-03-10T21:31:49.6148692+00:00;VSTestExecutionThread;Info;SpecFlow+Runner 3.1.48 in Framework clr40 in x86 mode execution started
2020-03-10T21:31:49.6148692+00:00;VSTestExecutionThread;Info;TestAdapter Location: C:\Users\arthurandreev\source\arthurbranch\SeleniumFrameworkProject\SimpleSeleniumFramework\bin\Debug\TechTalk.SpecRun.VisualStudio.TestAdapter.dll
2020-03-10T21:31:49.6518631+00:00;VSTestExecutionThread;Info;SpecRun: running tests in C:\Users\arthurandreev\source\arthurbranch\SeleniumFrameworkProject\SimpleSeleniumFramework\bin\Debug\SimpleSeleniumFramework.dll
2020-03-10T21:31:49.6538601+00:00;VSTestExecutionThread;Info;Output folder configured to "C:\Users\arthurandreev\source\arthurbranch\SeleniumFrameworkProject\SimpleSeleniumFramework\TestResults" (default)
2020-03-10T21:31:49.6538601+00:00;VSTestExecutionThread;Info;Profile: 
2020-03-10T21:31:49.7658619+00:00;VSTestExecutionThread;Info;Log file path: C:\Users\arthurandreev\source\arthurbranch\SeleniumFrameworkProject\SimpleSeleniumFramework\TestResults\Unnamed project__2020-03-10T213149.log
2020-03-10T21:31:49.7958609+00:00;VSTestExecutionThread;Info;SpecFlow+Runner Evaluation Mode: Please purchase at http://www.specflow.org/plus to remove test execution delay.
2020-03-10T21:31:49.8088575+00:00;Thread#15;Info;Checking license
2020-03-10T21:31:50.0548692+00:00;Thread#15;Info;Evaluation mode: test execution starts in 13 seconds... (this delay is removed in the registered version)
2020-03-10T21:32:03.0561302+00:00;Thread#15;Info;Evaluation delay finished.
2020-03-10T21:32:03.0639924+00:00;Thread#15;Info;License check completed
2020-03-10T21:32:03.0648598+00:00;Thread#15;Info;starting test run
2020-03-10T21:32:03.0789965+00:00;Thread#15;Info;Discovering target: Default
2020-03-10T21:32:03.0789965+00:00;Thread#15;Info;Discovering tests from assembly: C:\Users\arthurandreev\source\arthurbranch\SeleniumFrameworkProject\SimpleSeleniumFramework\bin\Debug\SimpleSeleniumFramework.dll
2020-03-10T21:32:03.1928551+00:00;Thread#15;Info;Discovered tests from assembly: C:\Users\arthurandreev\source\arthurbranch\SeleniumFrameworkProject\SimpleSeleniumFramework\bin\Debug\SimpleSeleniumFramework.dll
2020-03-10T21:32:03.1928551+00:00:Test Suite Dump
2020-03-10T21:32:03.1949866+00:00:#0: Unnamed project/ - 
2020-03-10T21:32:03.1949866+00:00:#1: Default - 
2020-03-10T21:32:03.1949866+00:00:#2: SimpleSeleniumFramework - 
2020-03-10T21:32:03.1949866+00:00:#3: PersonalAccount - 
2020-03-10T21:32:03.1949866+00:00:#5: PersonalAccount - 
2020-03-10T21:32:03.4388755+00:00:#4: Sign-in to access personalised sports page - TestAssembly:SimpleSeleniumFramework/Feature:PersonalAccount/Scenario:Sign-in+to+access+personalised+sports+page
2020-03-10T21:32:03.4388755+00:00:#6: Sign-in to access personalised sports page - TestAssembly:SimpleSeleniumFramework/Feature:PersonalAccount/Scenario:Sign-in+to+access+personalised+sports+page
2020-03-10T21:32:03.4388755+00:00:End: Test Suite Dump
2020-03-10T21:32:03.4629897+00:00:Thread#0:Scheduler: get next test for thread 0
2020-03-10T21:32:03.4659398+00:00:Thread#:Scheduler: testitem #4 from normal test queue 
2020-03-10T21:32:03.4659398+00:00:Thread#0:Scheduler: considering testitem #4 for thread 0
2020-03-10T21:32:03.4719981+00:00:Thread#0:TestItem#4:testItemMatchesCurrentTestThread:UnSpecific
2020-03-10T21:32:03.4719981+00:00:Thread#0:TestItem#4:runsOnOneOtherThreadSpecific:False
2020-03-10T21:32:03.4719981+00:00:Thread#0:TestItem#4:runsOnOneOtherThreadUnspecific:False
2020-03-10T21:32:03.4719981+00:00:Thread#0:Scheduler: using testitem #4 for thread 0
2020-03-10T21:32:03.4729805+00:00:Thread#0:Scheduler: Test #4 is scheduled for thread
2020-03-10T21:32:03.4739301+00:00:Thread#0:Scheduler: with testItemExecutionIndex 0
2020-03-10T21:32:03.4770040+00:00:Thread #0: creating new test thread executor for SimpleSeleniumFramework, Version=1.0.0.0, Culture=neutral, PublicKeyToken=null (target: Default)
2020-03-10T21:32:03.4790017+00:00:Thread #0: Creating test assembly executor for execution model AppDomain
2020-03-10T21:32:03.4849901+00:00:Thread #0: Creating test assembly executor for execution model AppDomain
2020-03-10T21:32:03.4859772+00:00:Thread #0: using TechTalk.SpecRun.Framework.Execution.InProcess.InProcAppDomainTestAssemblyExecutorHost to execute tests
2020-03-10T21:32:03.8220014+00:00:Thread#0:T:-> Loading plugin C:\Users\arthurandreev\source\arthurbranch\SeleniumFrameworkProject\SimpleSeleniumFramework\bin\Debug\SpecRun.Runtime.SpecFlowPlugin.dll
2020-03-10T21:32:03.8309997+00:00:Thread#0:T:-> Using default config
2020-03-10T21:32:04.7608590+00:00:Thread#0: Test #4/0 is started on thread #0
2020-03-10T21:32:04.9410072+00:00:Thread#0:T:starting chrome driver setup
2020-03-10T21:32:12.0308607+00:00:Thread#0:T:chrome driver setup complete
2020-03-10T21:32:12.0398635+00:00:Thread#0:B:Given I am on bbc sports page
2020-03-10T21:32:19.6188631+00:00:Thread#0:T:done: SigninSteps.GivenIamOnBbcSportsPage() (7.5s)
2020-03-10T21:32:19.6338596+00:00:Thread#0:B:When I navigate to signin page
2020-03-10T21:32:19.9518624+00:00:Thread#0:T:done: SigninSteps.WhenINavigateToSigninPage() (0.3s)
2020-03-10T21:32:19.9528614+00:00:Thread#0:B:And I enter correct username and password
2020-03-10T21:32:32.6689772+00:00:Thread#0:T:TakeScreenShot threw the following exception: OpenQA.Selenium.WebDriverException: A exception with a null response was thrown sending an HTTP request to the remote WebDriver server for URL http://localhost:50834/session/7f4c34d406e1e93ee8e4de30af901fe5/execute. The status of the exception was ReceiveFailure, and the message was: The underlying connection was closed: An unexpected error occurred on a receive. ---> System.Net.WebException: The underlying connection was closed: An unexpected error occurred on a receive. ---> System.IO.IOException: Unable to read data from the transport connection: An existing connection was forcibly closed by the remote host. ---> System.Net.Sockets.SocketException: An existing connection was forcibly closed by the remote host
2020-03-10T21:32:32.6709805+00:00:Thread#0:T:   at System.Net.Sockets.Socket.Receive(Byte[] buffer, Int32 offset, Int32 size, SocketFlags socketFlags)
2020-03-10T21:32:32.6719713+00:00:Thread#0:T:   at System.Net.Sockets.NetworkStream.Read(Byte[] buffer, Int32 offset, Int32 size)
2020-03-10T21:32:32.6719713+00:00:Thread#0:T:   --- End of inner exception stack trace ---
2020-03-10T21:32:32.6728581+00:00:Thread#0:T:   at System.Net.Sockets.NetworkStream.Read(Byte[] buffer, Int32 offset, Int32 size)
2020-03-10T21:32:32.6739259+00:00:Thread#0:T:   at System.Net.PooledStream.Read(Byte[] buffer, Int32 offset, Int32 size)
2020-03-10T21:32:32.6819992+00:00:Thread#0:T:   at System.Net.Connection.SyncRead(HttpWebRequest request, Boolean userRetrievedStream, Boolean probeRead)
2020-03-10T21:32:32.6828589+00:00:Thread#0:T:   --- End of inner exception stack trace ---
2020-03-10T21:32:32.6838592+00:00:Thread#0:T:   at System.Net.HttpWebRequest.GetResponse()
2020-03-10T21:32:32.6848600+00:00:Thread#0:T:   at OpenQA.Selenium.Remote.HttpCommandExecutor.MakeHttpRequest(HttpRequestInfo requestInfo)
2020-03-10T21:32:32.6868585+00:00:Thread#0:T:   --- End of inner exception stack trace ---
2020-03-10T21:32:32.6878584+00:00:Thread#0:T:   at OpenQA.Selenium.Remote.HttpCommandExecutor.MakeHttpRequest(HttpRequestInfo requestInfo)
2020-03-10T21:32:32.6878584+00:00:Thread#0:T:   at OpenQA.Selenium.Remote.HttpCommandExecutor.Execute(Command commandToExecute)
2020-03-10T21:32:32.6888609+00:00:Thread#0:T:   at OpenQA.Selenium.Remote.DriverServiceCommandExecutor.Execute(Command commandToExecute)
2020-03-10T21:32:32.6898562+00:00:Thread#0:T:   at OpenQA.Selenium.Remote.RemoteWebDriver.Execute(String driverCommandToExecute, Dictionary`2 parameters)
2020-03-10T21:32:32.6898562+00:00:Thread#0:T:   at OpenQA.Selenium.Remote.RemoteWebDriver.ExecuteScriptCommand(String script, String commandName, Object[] args)
2020-03-10T21:32:32.6948572+00:00:Thread#0:T:   at OpenQA.Selenium.Remote.RemoteWebDriver.ExecuteScript(String script, Object[] args)
2020-03-10T21:32:32.6958602+00:00:Thread#0:T:   at SimpleSeleniumFramework.TestFramework.PageManagerFactory.DismissAlertWithJS() in C:\Users\arthurandreev\source\arthurbranch\SeleniumFrameworkProject\SimpleSeleniumFramework\TestFramework\PageManagerFactory.cs:line 110 and stack trace    at OpenQA.Selenium.Remote.HttpCommandExecutor.MakeHttpRequest(HttpRequestInfo requestInfo)
2020-03-10T21:32:32.6968626+00:00:Thread#0:T:   at OpenQA.Selenium.Remote.HttpCommandExecutor.Execute(Command commandToExecute)
2020-03-10T21:32:32.6978596+00:00:Thread#0:T:   at OpenQA.Selenium.Remote.DriverServiceCommandExecutor.Execute(Command commandToExecute)
2020-03-10T21:32:32.6998583+00:00:Thread#0:T:   at OpenQA.Selenium.Remote.RemoteWebDriver.Execute(String driverCommandToExecute, Dictionary`2 parameters)
2020-03-10T21:32:32.7028680+00:00:Thread#0:T:   at OpenQA.Selenium.Remote.RemoteWebDriver.ExecuteScriptCommand(String script, String commandName, Object[] args)
2020-03-10T21:32:32.7048665+00:00:Thread#0:T:   at OpenQA.Selenium.Remote.RemoteWebDriver.ExecuteScript(String script, Object[] args)
2020-03-10T21:32:32.7078580+00:00:Thread#0:T:   at SimpleSeleniumFramework.TestFramework.PageManagerFactory.DismissAlertWithJS() in C:\Users\arthurandreev\source\arthurbranch\SeleniumFrameworkProject\SimpleSeleniumFramework\TestFramework\PageManagerFactory.cs:line 110
2020-03-10T21:32:36.7518933+00:00:Thread#0:T:error: Unexpected error. System.Net.WebException: Unable to connect to the remote server ---> System.Net.Sockets.SocketException: No connection could be made because the target machine actively refused it 127.0.0.1:50834
2020-03-10T21:32:36.7529701+00:00:Thread#0:T:   at System.Net.Sockets.Socket.DoConnect(EndPoint endPointSnapshot, SocketAddress socketAddress)
2020-03-10T21:32:36.7529701+00:00:Thread#0:T:   at System.Net.ServicePoint.ConnectSocketInternal(Boolean connectFailure, Socket s4, Socket s6, Socket& socket, IPAddress& address, ConnectSocketState state, IAsyncResult asyncResult, Exception& exception)
2020-03-10T21:32:36.7538582+00:00:Thread#0:T:   --- End of inner exception stack trace ---
2020-03-10T21:32:36.7549370+00:00:Thread#0:T:   at System.Net.HttpWebRequest.GetRequestStream(TransportContext& context)
2020-03-10T21:32:36.7549370+00:00:Thread#0:T:   at System.Net.HttpWebRequest.GetRequestStream()
2020-03-10T21:32:36.7558580+00:00:Thread#0:T:   at OpenQA.Selenium.Remote.HttpCommandExecutor.MakeHttpRequest(HttpRequestInfo requestInfo)
2020-03-10T21:32:36.7569276+00:00:Thread#0:T:   at OpenQA.Selenium.Remote.HttpCommandExecutor.Execute(Command commandToExecute)
2020-03-10T21:32:36.7569276+00:00:Thread#0:T:   at OpenQA.Selenium.Remote.DriverServiceCommandExecutor.Execute(Command commandToExecute)
2020-03-10T21:32:36.7590134+00:00:Thread#0:T:   at OpenQA.Selenium.Remote.RemoteWebDriver.Execute(String driverCommandToExecute, Dictionary`2 parameters)
2020-03-10T21:32:36.7599307+00:00:Thread#0:B:And I sign in successfully
2020-03-10T21:32:36.7618585+00:00:Thread#0:T:skipped because of previous errors
2020-03-10T21:32:36.7669871+00:00:Thread#0:B:Then I expect to see the option to personalise my bbc sports content
2020-03-10T21:32:36.7669871+00:00:Thread#0:T:skipped because of previous errors
2020-03-10T21:32:36.8609971+00:00:Thread#0:TestItem#4:Scheduler: reschedule tests for testitem #4
2020-03-10T21:32:36.8630084+00:00:Thread#0:Scheduler: get next test for thread 0
2020-03-10T21:32:36.8630084+00:00:Thread#:Scheduler: dequeuing a rescheduled testitem: #4
2020-03-10T21:32:36.8630084+00:00:Thread#0:Scheduler: considering testitem #4 for thread 0
2020-03-10T21:32:36.8638552+00:00:Thread#0:TestItem#4:testItemMatchesCurrentTestThread:UnSpecific
2020-03-10T21:32:36.8638552+00:00:Thread#0:TestItem#4:runsOnOneOtherThreadSpecific:False
2020-03-10T21:32:36.8638552+00:00:Thread#0:TestItem#4:runsOnOneOtherThreadUnspecific:False
2020-03-10T21:32:36.8638552+00:00:Thread#0:Scheduler: using testitem #4 for thread 0
2020-03-10T21:32:36.8638552+00:00:Thread#0:Scheduler: Test #4 is scheduled for thread
2020-03-10T21:32:36.8638552+00:00:Thread#0:Scheduler: with testItemExecutionIndex 1
2020-03-10T21:32:36.8670145+00:00:Thread#0:T:killing both webdriver and chrome driver
2020-03-10T21:32:44.9158785+00:00:Thread#0:T:killed both webdriver and chrome driver
2020-03-10T21:32:44.9778687+00:00:Thread#0: Test #4/0 is finished on thread #0 as Failed within 40.2140186 seconds
2020-03-10T21:32:44.9818671+00:00:Thread#0: Test #4/1 is started on thread #0
2020-03-10T21:32:44.9898640+00:00:Thread#0:T:starting chrome driver setup
2020-03-10T21:32:53.2768780+00:00:Thread#0:T:chrome driver setup complete
2020-03-10T21:32:53.2808644+00:00:Thread#0:B:Given I am on bbc sports page
2020-03-10T21:33:07.6558764+00:00:Thread#0:T:done: SigninSteps.GivenIamOnBbcSportsPage() (14.4s)
2020-03-10T21:33:07.6578588+00:00:Thread#0:B:When I navigate to signin page
2020-03-10T21:33:11.0468864+00:00:Thread#0:T:done: SigninSteps.WhenINavigateToSigninPage() (3.4s)
2020-03-10T21:33:11.0548738+00:00:Thread#0:B:And I enter correct username and password
2020-03-10T21:33:12.0008810+00:00:Thread#0:T:error: no such window: target window already closed
2020-03-10T21:33:12.0059322+00:00:Thread#0:T:from unknown error: web view not found
2020-03-10T21:33:12.0098726+00:00:Thread#0:T:  (Session info: chrome=80.0.3987.132)
2020-03-10T21:33:12.0138949+00:00:Thread#0:T:  (Driver info: chromedriver=2.37.544315 (730aa6a5fdba159ac9f4c1e8cbc59bf1b5ce12b7),platform=Windows NT 10.0.18362 x86_64)
2020-03-10T21:33:12.0170099+00:00:Thread#0:B:And I sign in successfully
2020-03-10T21:33:12.0208731+00:00:Thread#0:T:skipped because of previous errors
2020-03-10T21:33:12.0348665+00:00:Thread#0:B:Then I expect to see the option to personalise my bbc sports content
2020-03-10T21:33:12.0368724+00:00:Thread#0:T:skipped because of previous errors
2020-03-10T21:33:12.0668696+00:00:Thread#0:Scheduler: get next test for thread 0
2020-03-10T21:33:12.0678649+00:00:Thread#:Scheduler: dequeuing a rescheduled testitem: #4
2020-03-10T21:33:12.0678649+00:00:Thread#0:Scheduler: considering testitem #4 for thread 0
2020-03-10T21:33:12.0678649+00:00:Thread#0:TestItem#4:testItemMatchesCurrentTestThread:UnSpecific
2020-03-10T21:33:12.0678649+00:00:Thread#0:TestItem#4:runsOnOneOtherThreadSpecific:False
2020-03-10T21:33:12.0678649+00:00:Thread#0:TestItem#4:runsOnOneOtherThreadUnspecific:False
2020-03-10T21:33:12.0678649+00:00:Thread#0:Scheduler: using testitem #4 for thread 0
2020-03-10T21:33:12.0678649+00:00:Thread#0:Scheduler: Test #4 is scheduled for thread
2020-03-10T21:33:12.0678649+00:00:Thread#0:Scheduler: with testItemExecutionIndex 2
2020-03-10T21:33:12.1148764+00:00:Thread#0:T:killing both webdriver and chrome driver
