2020-03-08T13:07:11.3022628+00:00;VSTestExecutionThread;Info;SpecFlow+Runner execution started
2020-03-08T13:07:11.3022628+00:00;VSTestExecutionThread;Info;SpecFlow+Runner 3.1.48 in Framework clr40 in x86 mode execution started
2020-03-08T13:07:11.3022628+00:00;VSTestExecutionThread;Info;TestAdapter Location: C:\Users\arthurandreev\source\arthurbranch\SeleniumFrameworkProject\SimpleSeleniumFramework\bin\Debug\TechTalk.SpecRun.VisualStudio.TestAdapter.dll
2020-03-08T13:07:11.3381997+00:00;VSTestExecutionThread;Info;SpecRun: running tests in C:\Users\arthurandreev\source\arthurbranch\SeleniumFrameworkProject\SimpleSeleniumFramework\bin\Debug\SimpleSeleniumFramework.dll
2020-03-08T13:07:11.3402022+00:00;VSTestExecutionThread;Info;Output folder configured to "C:\Users\arthurandreev\source\arthurbranch\SeleniumFrameworkProject\SimpleSeleniumFramework\TestResults" (default)
2020-03-08T13:07:11.3402022+00:00;VSTestExecutionThread;Info;Profile: 
2020-03-08T13:07:11.4382006+00:00;VSTestExecutionThread;Info;Log file path: C:\Users\arthurandreev\source\arthurbranch\SeleniumFrameworkProject\SimpleSeleniumFramework\TestResults\Unnamed project__2020-03-08T130711.log
2020-03-08T13:07:11.4572023+00:00;VSTestExecutionThread;Info;SpecFlow+Runner Evaluation Mode: Please purchase at http://www.specflow.org/plus to remove test execution delay.
2020-03-08T13:07:11.4721994+00:00;Thread#15;Info;Checking license
2020-03-08T13:07:11.7052007+00:00;Thread#15;Info;Evaluation mode: test execution starts in 8 seconds... (this delay is removed in the registered version)
2020-03-08T13:07:19.7061954+00:00;Thread#15;Info;Evaluation delay finished.
2020-03-08T13:07:19.7121978+00:00;Thread#15;Info;License check completed
2020-03-08T13:07:19.7132008+00:00;Thread#15;Info;starting test run
2020-03-08T13:07:19.7251957+00:00;Thread#15;Info;Discovering target: Default
2020-03-08T13:07:19.7251957+00:00;Thread#15;Info;Discovering tests from assembly: C:\Users\arthurandreev\source\arthurbranch\SeleniumFrameworkProject\SimpleSeleniumFramework\bin\Debug\SimpleSeleniumFramework.dll
2020-03-08T13:07:19.8221960+00:00;Thread#15;Info;Discovered tests from assembly: C:\Users\arthurandreev\source\arthurbranch\SeleniumFrameworkProject\SimpleSeleniumFramework\bin\Debug\SimpleSeleniumFramework.dll
2020-03-08T13:07:19.8232019+00:00:Test Suite Dump
2020-03-08T13:07:19.8252011+00:00:#0: Unnamed project/ - 
2020-03-08T13:07:19.8252011+00:00:#1: Default - 
2020-03-08T13:07:19.8252011+00:00:#2: SimpleSeleniumFramework - 
2020-03-08T13:07:19.8252011+00:00:#3: PersonalAccount - 
2020-03-08T13:07:19.8252011+00:00:#5: PersonalAccount - 
2020-03-08T13:07:20.0396425+00:00:#4: Sign-in to access personalised sports page - TestAssembly:SimpleSeleniumFramework/Feature:PersonalAccount/Scenario:Sign-in+to+access+personalised+sports+page
2020-03-08T13:07:20.0396425+00:00:#6: Sign-in to access personalised sports page - TestAssembly:SimpleSeleniumFramework/Feature:PersonalAccount/Scenario:Sign-in+to+access+personalised+sports+page
2020-03-08T13:07:20.0396425+00:00:End: Test Suite Dump
2020-03-08T13:07:20.0742651+00:00:Thread#0:Scheduler: get next test for thread 0
2020-03-08T13:07:20.0773206+00:00:Thread#:Scheduler: testitem #4 from normal test queue 
2020-03-08T13:07:20.0782806+00:00:Thread#0:Scheduler: considering testitem #4 for thread 0
2020-03-08T13:07:20.0842550+00:00:Thread#0:TestItem#4:testItemMatchesCurrentTestThread:UnSpecific
2020-03-08T13:07:20.0842550+00:00:Thread#0:TestItem#4:runsOnOneOtherThreadSpecific:False
2020-03-08T13:07:20.0842550+00:00:Thread#0:TestItem#4:runsOnOneOtherThreadUnspecific:False
2020-03-08T13:07:20.0842550+00:00:Thread#0:Scheduler: using testitem #4 for thread 0
2020-03-08T13:07:20.0863076+00:00:Thread#0:Scheduler: Test #4 is scheduled for thread
2020-03-08T13:07:20.0873092+00:00:Thread#0:Scheduler: with testItemExecutionIndex 0
2020-03-08T13:07:20.0902072+00:00:Thread #0: creating new test thread executor for SimpleSeleniumFramework, Version=1.0.0.0, Culture=neutral, PublicKeyToken=null (target: Default)
2020-03-08T13:07:20.0922064+00:00:Thread #0: Creating test assembly executor for execution model AppDomain
2020-03-08T13:07:20.0962064+00:00:Thread #0: Creating test assembly executor for execution model AppDomain
2020-03-08T13:07:20.0982075+00:00:Thread #0: using TechTalk.SpecRun.Framework.Execution.InProcess.InProcAppDomainTestAssemblyExecutorHost to execute tests
2020-03-08T13:07:20.3813352+00:00:Thread#0:T:-> Loading plugin C:\Users\arthurandreev\source\arthurbranch\SeleniumFrameworkProject\SimpleSeleniumFramework\bin\Debug\SpecRun.Runtime.SpecFlowPlugin.dll
2020-03-08T13:07:20.3912169+00:00:Thread#0:T:-> Using default config
2020-03-08T13:07:21.3262005+00:00:Thread#0: Test #4/0 is started on thread #0
2020-03-08T13:07:21.4501969+00:00:Thread#0:T:starting chrome driver setup
2020-03-08T13:07:28.2361997+00:00:Thread#0:T:chrome driver setup complete
2020-03-08T13:07:28.2431981+00:00:Thread#0:B:Given I am on bbc sports page
2020-03-08T13:07:32.8942025+00:00:Thread#0:T:done: SigninSteps.GivenIamOnBbcSportsPage() (4.6s)
2020-03-08T13:07:32.9092000+00:00:Thread#0:B:When I navigate to signin page
2020-03-08T13:07:36.2852042+00:00:Thread#0:T:done: SigninSteps.WhenINavigateToSigninPage() (3.4s)
2020-03-08T13:07:36.2951998+00:00:Thread#0:B:And I enter correct username and password
2020-03-08T13:07:38.4112049+00:00:Thread#0:T:done: SigninSteps.AndEnterCorrectUsernameAndPassword() (2.1s)
2020-03-08T13:07:38.4122022+00:00:Thread#0:B:And I sign in successfully
2020-03-08T13:07:44.6442080+00:00:Thread#0:T:done: SigninSteps.AndISignInSuccessfully() (6.2s)
2020-03-08T13:07:44.6482712+00:00:Thread#0:B:Then I expect to see the option to personalise my bbc sports content
2020-03-08T13:07:45.6402015+00:00:Thread#0:T:TakeScreenShot threw the following exception: System.IO.DirectoryNotFoundException: Could not find a part of the path 'C:\Users\arthurandreev\source\arthurbranch\SeleniumFrameworkProject\SimpleSeleniumFramework\TestResults\Screenshots\Sign-in to access personalised sports page2020-03-08-13_07_45.jpeg'.
2020-03-08T13:07:45.6412000+00:00:Thread#0:T:   at System.IO.__Error.WinIOError(Int32 errorCode, String maybeFullPath)
2020-03-08T13:07:45.6421987+00:00:Thread#0:T:   at System.IO.FileStream.Init(String path, FileMode mode, FileAccess access, Int32 rights, Boolean useRights, FileShare share, Int32 bufferSize, FileOptions options, SECURITY_ATTRIBUTES secAttrs, String msgPath, Boolean bFromProxy, Boolean useLongPath, Boolean checkHost)
2020-03-08T13:07:45.6432472+00:00:Thread#0:T:   at System.IO.FileStream..ctor(String path, FileMode mode, FileAccess access, FileShare share, Int32 bufferSize, FileOptions options, String msgPath, Boolean bFromProxy)
2020-03-08T13:07:45.6432472+00:00:Thread#0:T:   at System.IO.FileStream..ctor(String path, FileMode mode)
2020-03-08T13:07:45.6441990+00:00:Thread#0:T:   at OpenQA.Selenium.Screenshot.SaveAsFile(String fileName, ScreenshotImageFormat format)
2020-03-08T13:07:45.6452720+00:00:Thread#0:T:   at SimpleSeleniumFramework.TestFramework.PageManagerFactory.TakeScreenshot() in C:\Users\arthurandreev\source\arthurbranch\SeleniumFrameworkProject\SimpleSeleniumFramework\TestFramework\PageManagerFactory.cs:line 95 and stack trace    at System.IO.__Error.WinIOError(Int32 errorCode, String maybeFullPath)
2020-03-08T13:07:45.6452720+00:00:Thread#0:T:   at System.IO.FileStream.Init(String path, FileMode mode, FileAccess access, Int32 rights, Boolean useRights, FileShare share, Int32 bufferSize, FileOptions options, SECURITY_ATTRIBUTES secAttrs, String msgPath, Boolean bFromProxy, Boolean useLongPath, Boolean checkHost)
2020-03-08T13:07:45.6461954+00:00:Thread#0:T:   at System.IO.FileStream..ctor(String path, FileMode mode, FileAccess access, FileShare share, Int32 bufferSize, FileOptions options, String msgPath, Boolean bFromProxy)
2020-03-08T13:07:45.6472572+00:00:Thread#0:T:   at System.IO.FileStream..ctor(String path, FileMode mode)
2020-03-08T13:07:45.6482099+00:00:Thread#0:T:   at OpenQA.Selenium.Screenshot.SaveAsFile(String fileName, ScreenshotImageFormat format)
2020-03-08T13:07:45.6492176+00:00:Thread#0:T:   at SimpleSeleniumFramework.TestFramework.PageManagerFactory.TakeScreenshot() in C:\Users\arthurandreev\source\arthurbranch\SeleniumFrameworkProject\SimpleSeleniumFramework\TestFramework\PageManagerFactory.cs:line 95
2020-03-08T13:07:45.6732030+00:00:Thread#0:T:done: SigninSteps.ThenIExpectToSeeTheOptionToPersonaliseMyBbcSportsContent() (1.0s)
2020-03-08T13:07:45.7053221+00:00:Thread#0:Scheduler: get next test for thread 0
2020-03-08T13:07:45.7062252+00:00:Thread#:Scheduler: testitem #6 from normal test queue 
2020-03-08T13:07:45.7062252+00:00:Thread#0:Scheduler: considering testitem #6 for thread 0
2020-03-08T13:07:45.7062252+00:00:Thread#0:TestItem#6:testItemMatchesCurrentTestThread:UnSpecific
2020-03-08T13:07:45.7062252+00:00:Thread#0:TestItem#6:runsOnOneOtherThreadSpecific:False
2020-03-08T13:07:45.7062252+00:00:Thread#0:TestItem#6:runsOnOneOtherThreadUnspecific:False
2020-03-08T13:07:45.7062252+00:00:Thread#0:Scheduler: using testitem #6 for thread 0
2020-03-08T13:07:45.7062252+00:00:Thread#0:Scheduler: Test #6 is scheduled for thread
2020-03-08T13:07:45.7062252+00:00:Thread#0:Scheduler: with testItemExecutionIndex 0
2020-03-08T13:07:45.7103254+00:00:Thread#0:T:killing both webdriver and chrome driver
2020-03-08T13:07:54.5652074+00:00:Thread#0:T:killed both webdriver and chrome driver
2020-03-08T13:07:54.5851983+00:00:Thread#0: Test #4/0 is finished on thread #0 as Succeeded within 33.2570089 seconds
2020-03-08T13:07:54.5872083+00:00:Thread#0: Test #6/0 is started on thread #0
2020-03-08T13:07:54.5912110+00:00:Thread#0:T:starting chrome driver setup
2020-03-08T13:08:00.9117244+00:00:Thread#0:T:chrome driver setup complete
2020-03-08T13:08:00.9192091+00:00:Thread#0:B:Given I am on bbc sports page
2020-03-08T13:08:09.1353062+00:00:Thread#0:T:done: SigninSteps.GivenIamOnBbcSportsPage() (8.2s)
2020-03-08T13:08:09.1362010+00:00:Thread#0:B:When I navigate to signin page
2020-03-08T13:08:14.2312014+00:00:Thread#0:T:done: SigninSteps.WhenINavigateToSigninPage() (5.1s)
2020-03-08T13:08:14.2352527+00:00:Thread#0:B:And I enter correct username and password
2020-03-08T13:08:15.6681997+00:00:Thread#0:T:done: SigninSteps.AndEnterCorrectUsernameAndPassword() (1.4s)
2020-03-08T13:08:15.6692006+00:00:Thread#0:B:And I sign in successfully
2020-03-08T13:08:22.2442057+00:00:Thread#0:T:done: SigninSteps.AndISignInSuccessfully() (6.6s)
2020-03-08T13:08:22.2452036+00:00:Thread#0:B:Then I expect to see the option to personalise my bbc sports content
2020-03-08T13:08:25.5992285+00:00:Thread#0:T:TakeScreenShot threw the following exception: System.IO.DirectoryNotFoundException: Could not find a part of the path 'C:\Users\arthurandreev\source\arthurbranch\SeleniumFrameworkProject\SimpleSeleniumFramework\TestResults\Screenshots\Sign-in to access personalised sports page2020-03-08-13_08_25.jpeg'.
2020-03-08T13:08:25.6072051+00:00:Thread#0:T:   at System.IO.__Error.WinIOError(Int32 errorCode, String maybeFullPath)
2020-03-08T13:08:25.6162271+00:00:Thread#0:T:   at System.IO.FileStream.Init(String path, FileMode mode, FileAccess access, Int32 rights, Boolean useRights, FileShare share, Int32 bufferSize, FileOptions options, SECURITY_ATTRIBUTES secAttrs, String msgPath, Boolean bFromProxy, Boolean useLongPath, Boolean checkHost)
2020-03-08T13:08:25.6242701+00:00:Thread#0:T:   at System.IO.FileStream..ctor(String path, FileMode mode, FileAccess access, FileShare share, Int32 bufferSize, FileOptions options, String msgPath, Boolean bFromProxy)
2020-03-08T13:08:25.6312225+00:00:Thread#0:T:   at System.IO.FileStream..ctor(String path, FileMode mode)
2020-03-08T13:08:25.6742012+00:00:Thread#0:T:   at OpenQA.Selenium.Screenshot.SaveAsFile(String fileName, ScreenshotImageFormat format)
2020-03-08T13:08:25.6802243+00:00:Thread#0:T:   at SimpleSeleniumFramework.TestFramework.PageManagerFactory.TakeScreenshot() in C:\Users\arthurandreev\source\arthurbranch\SeleniumFrameworkProject\SimpleSeleniumFramework\TestFramework\PageManagerFactory.cs:line 95 and stack trace    at System.IO.__Error.WinIOError(Int32 errorCode, String maybeFullPath)
2020-03-08T13:08:25.6832070+00:00:Thread#0:T:   at System.IO.FileStream.Init(String path, FileMode mode, FileAccess access, Int32 rights, Boolean useRights, FileShare share, Int32 bufferSize, FileOptions options, SECURITY_ATTRIBUTES secAttrs, String msgPath, Boolean bFromProxy, Boolean useLongPath, Boolean checkHost)
2020-03-08T13:08:25.6852148+00:00:Thread#0:T:   at System.IO.FileStream..ctor(String path, FileMode mode, FileAccess access, FileShare share, Int32 bufferSize, FileOptions options, String msgPath, Boolean bFromProxy)
2020-03-08T13:08:25.6892002+00:00:Thread#0:T:   at System.IO.FileStream..ctor(String path, FileMode mode)
2020-03-08T13:08:25.6962052+00:00:Thread#0:T:   at OpenQA.Selenium.Screenshot.SaveAsFile(String fileName, ScreenshotImageFormat format)
2020-03-08T13:08:25.7092054+00:00:Thread#0:T:   at SimpleSeleniumFramework.TestFramework.PageManagerFactory.TakeScreenshot() in C:\Users\arthurandreev\source\arthurbranch\SeleniumFrameworkProject\SimpleSeleniumFramework\TestFramework\PageManagerFactory.cs:line 95
2020-03-08T13:08:25.7702120+00:00:Thread#0:T:done: SigninSteps.ThenIExpectToSeeTheOptionToPersonaliseMyBbcSportsContent() (3.5s)
2020-03-08T13:08:25.7772087+00:00:Thread#0:Scheduler: get next test for thread 0
2020-03-08T13:08:25.7772087+00:00:Thread#:Scheduler: at the end of normal test queue
2020-03-08T13:08:25.7772087+00:00:Thread#0:Scheduler: enumerator for thread is at end
2020-03-08T13:08:25.7772087+00:00:Thread#0:Scheduler: No more tests for thread
2020-03-08T13:08:25.7792146+00:00:Thread#0:T:killing both webdriver and chrome driver
2020-03-08T13:08:34.5902022+00:00:Thread#0:T:killed both webdriver and chrome driver
2020-03-08T13:08:34.6271954+00:00:Thread#0: Test #6/0 is finished on thread #0 as Succeeded within 40.0399871 seconds
2020-03-08T13:08:34.7452013+00:00:Trying to cancel thread
2020-03-08T13:08:34.7452013+00:00:Thread cancelled
2020-03-08T13:08:34.7612545+00:00:Thread#-1:Scheduler: get next test for thread -1
2020-03-08T13:08:34.7612545+00:00:Thread#:Scheduler: at the end of normal test queue
2020-03-08T13:08:34.7612545+00:00:Thread#-1:Scheduler: enumerator for thread is at end
2020-03-08T13:08:34.7682083+00:00;Thread#15;Info;test run finished
2020-03-08T13:08:34.7682083+00:00;Thread#15;Info;publishing test results
2020-03-08T13:08:36.2412230+00:00;Thread#15;Info;test results published
2020-03-08T13:08:36.2422012+00:00;Thread#15;Info;generating reports
2020-03-08T13:08:36.5282202+00:00;Thread#15;Info;Starting external report generation process
2020-03-08T13:08:45.6762217+00:00;Thread#15;Info;Successfully generated reports.
2020-03-08T13:08:45.6862028+00:00;Thread#15;Info;Successfully generated reports
2020-03-08T13:08:45.7182039+00:00:Total: 2
2020-03-08T13:08:45.7252052+00:00:Succeeded: 2
2020-03-08T13:08:45.7262059+00:00:Ignored: 0
2020-03-08T13:08:45.7272078+00:00:Pending: 0
2020-03-08T13:08:45.7272078+00:00:Skipped: 0
2020-03-08T13:08:45.7302097+00:00:Failed: 0
2020-03-08T13:08:45.7742010+00:00;VSTestExecutionThread;Info;Adding attachments to VSTest
2020-03-08T13:08:45.7752001+00:00;VSTestExecutionThread;Info;adding Test Execution Report 'C:\Users\arthurandreev\source\arthurbranch\SeleniumFrameworkProject\SimpleSeleniumFramework\TestResults\Unnamed project__2020-03-08T130711.html'
========== End of log file ==========
